{"D:\\cinema\\FE\\src\\services\\permissionService.js": {"path":"D:\\cinema\\FE\\src\\services\\permissionService.js","statementMap":{"0":{"start":{"line":3,"column":2},"end":{"line":17,"column":3}},"1":{"start":{"line":4,"column":22},"end":{"line":4,"column":41}},"2":{"start":{"line":5,"column":19},"end":{"line":5,"column":66}},"3":{"start":{"line":6,"column":24},"end":{"line":12,"column":5}},"4":{"start":{"line":10,"column":20},"end":{"line":10,"column":73}},"5":{"start":{"line":13,"column":4},"end":{"line":13,"column":35}},"6":{"start":{"line":15,"column":4},"end":{"line":15,"column":50}},"7":{"start":{"line":16,"column":4},"end":{"line":16,"column":16}},"8":{"start":{"line":22,"column":18},"end":{"line":116,"column":3}},"9":{"start":{"line":25,"column":23},"end":{"line":25,"column":52}},"10":{"start":{"line":26,"column":6},"end":{"line":26,"column":27}},"11":{"start":{"line":31,"column":23},"end":{"line":31,"column":58}},"12":{"start":{"line":32,"column":6},"end":{"line":32,"column":27}},"13":{"start":{"line":37,"column":23},"end":{"line":37,"column":74}},"14":{"start":{"line":38,"column":6},"end":{"line":38,"column":27}},"15":{"start":{"line":43,"column":23},"end":{"line":45,"column":8}},"16":{"start":{"line":46,"column":6},"end":{"line":46,"column":27}},"17":{"start":{"line":51,"column":23},"end":{"line":53,"column":8}},"18":{"start":{"line":54,"column":6},"end":{"line":54,"column":27}},"19":{"start":{"line":59,"column":23},"end":{"line":59,"column":93}},"20":{"start":{"line":60,"column":6},"end":{"line":60,"column":27}},"21":{"start":{"line":65,"column":6},"end":{"line":114,"column":7}},"22":{"start":{"line":66,"column":27},"end":{"line":66,"column":61}},"23":{"start":{"line":67,"column":26},"end":{"line":67,"column":79}},"24":{"start":{"line":69,"column":8},"end":{"line":72,"column":9}},"25":{"start":{"line":70,"column":10},"end":{"line":70,"column":61}},"26":{"start":{"line":71,"column":10},"end":{"line":71,"column":23}},"27":{"start":{"line":75,"column":21},"end":{"line":75,"column":37}},"28":{"start":{"line":76,"column":8},"end":{"line":79,"column":9}},"29":{"start":{"line":77,"column":26},"end":{"line":77,"column":49}},"30":{"start":{"line":78,"column":10},"end":{"line":78,"column":35}},"31":{"start":{"line":81,"column":8},"end":{"line":84,"column":9}},"32":{"start":{"line":82,"column":10},"end":{"line":82,"column":65}},"33":{"start":{"line":83,"column":10},"end":{"line":83,"column":23}},"34":{"start":{"line":87,"column":29},"end":{"line":87,"column":69}},"35":{"start":{"line":89,"column":26},"end":{"line":89,"column":28}},"36":{"start":{"line":90,"column":8},"end":{"line":95,"column":9}},"37":{"start":{"line":91,"column":10},"end":{"line":91,"column":37}},"38":{"start":{"line":92,"column":15},"end":{"line":95,"column":9}},"39":{"start":{"line":94,"column":10},"end":{"line":94,"column":94}},"40":{"start":{"line":94,"column":58},"end":{"line":94,"column":92}},"41":{"start":{"line":97,"column":8},"end":{"line":109,"column":9}},"42":{"start":{"line":99,"column":35},"end":{"line":102,"column":11}},"43":{"start":{"line":105,"column":10},"end":{"line":105,"column":78}},"44":{"start":{"line":107,"column":10},"end":{"line":107,"column":62}},"45":{"start":{"line":108,"column":10},"end":{"line":108,"column":22}},"46":{"start":{"line":110,"column":8},"end":{"line":110,"column":21}},"47":{"start":{"line":112,"column":8},"end":{"line":112,"column":66}},"48":{"start":{"line":113,"column":8},"end":{"line":113,"column":21}},"49":{"start":{"line":117,"column":2},"end":{"line":117,"column":17}},"50":{"start":{"line":120,"column":0},"end":{"line":120,"column":35}}},"fnMap":{"0":{"name":"decodeToken","decl":{"start":{"line":2,"column":9},"end":{"line":2,"column":20}},"loc":{"start":{"line":2,"column":28},"end":{"line":18,"column":1}},"line":2},"1":{"name":"(anonymous_1)","decl":{"start":{"line":10,"column":13},"end":{"line":10,"column":14}},"loc":{"start":{"line":10,"column":20},"end":{"line":10,"column":73}},"line":10},"2":{"name":"permissionService","decl":{"start":{"line":21,"column":9},"end":{"line":21,"column":26}},"loc":{"start":{"line":21,"column":38},"end":{"line":118,"column":1}},"line":21},"3":{"name":"(anonymous_3)","decl":{"start":{"line":24,"column":17},"end":{"line":24,"column":18}},"loc":{"start":{"line":24,"column":29},"end":{"line":27,"column":5}},"line":24},"4":{"name":"(anonymous_4)","decl":{"start":{"line":30,"column":23},"end":{"line":30,"column":24}},"loc":{"start":{"line":30,"column":35},"end":{"line":33,"column":5}},"line":30},"5":{"name":"(anonymous_5)","decl":{"start":{"line":36,"column":24},"end":{"line":36,"column":25}},"loc":{"start":{"line":36,"column":42},"end":{"line":39,"column":5}},"line":36},"6":{"name":"(anonymous_6)","decl":{"start":{"line":42,"column":27},"end":{"line":42,"column":28}},"loc":{"start":{"line":42,"column":60},"end":{"line":47,"column":5}},"line":42},"7":{"name":"(anonymous_7)","decl":{"start":{"line":50,"column":22},"end":{"line":50,"column":23}},"loc":{"start":{"line":50,"column":54},"end":{"line":55,"column":5}},"line":50},"8":{"name":"(anonymous_8)","decl":{"start":{"line":58,"column":24},"end":{"line":58,"column":25}},"loc":{"start":{"line":58,"column":56},"end":{"line":61,"column":5}},"line":58},"9":{"name":"(anonymous_9)","decl":{"start":{"line":64,"column":26},"end":{"line":64,"column":27}},"loc":{"start":{"line":64,"column":38},"end":{"line":115,"column":5}},"line":64},"10":{"name":"(anonymous_10)","decl":{"start":{"line":94,"column":53},"end":{"line":94,"column":54}},"loc":{"start":{"line":94,"column":58},"end":{"line":94,"column":92}},"line":94}},"branchMap":{"0":{"loc":{"start":{"line":67,"column":37},"end":{"line":67,"column":78}},"type":"binary-expr","locations":[{"start":{"line":67,"column":37},"end":{"line":67,"column":70}},{"start":{"line":67,"column":74},"end":{"line":67,"column":78}}],"line":67},"1":{"loc":{"start":{"line":69,"column":8},"end":{"line":72,"column":9}},"type":"if","locations":[{"start":{"line":69,"column":8},"end":{"line":72,"column":9}},{"start":{},"end":{}}],"line":69},"2":{"loc":{"start":{"line":69,"column":12},"end":{"line":69,"column":40}},"type":"binary-expr","locations":[{"start":{"line":69,"column":12},"end":{"line":69,"column":23}},{"start":{"line":69,"column":27},"end":{"line":69,"column":40}}],"line":69},"3":{"loc":{"start":{"line":76,"column":8},"end":{"line":79,"column":9}},"type":"if","locations":[{"start":{"line":76,"column":8},"end":{"line":79,"column":9}},{"start":{},"end":{}}],"line":76},"4":{"loc":{"start":{"line":81,"column":8},"end":{"line":84,"column":9}},"type":"if","locations":[{"start":{"line":81,"column":8},"end":{"line":84,"column":9}},{"start":{},"end":{}}],"line":81},"5":{"loc":{"start":{"line":90,"column":8},"end":{"line":95,"column":9}},"type":"if","locations":[{"start":{"line":90,"column":8},"end":{"line":95,"column":9}},{"start":{"line":92,"column":15},"end":{"line":95,"column":9}}],"line":90},"6":{"loc":{"start":{"line":92,"column":15},"end":{"line":95,"column":9}},"type":"if","locations":[{"start":{"line":92,"column":15},"end":{"line":95,"column":9}},{"start":{},"end":{}}],"line":92},"7":{"loc":{"start":{"line":92,"column":19},"end":{"line":92,"column":102}},"type":"binary-expr","locations":[{"start":{"line":92,"column":19},"end":{"line":92,"column":31}},{"start":{"line":92,"column":35},"end":{"line":92,"column":59}},{"start":{"line":92,"column":63},"end":{"line":92,"column":102}}],"line":92},"8":{"loc":{"start":{"line":94,"column":58},"end":{"line":94,"column":92}},"type":"cond-expr","locations":[{"start":{"line":94,"column":82},"end":{"line":94,"column":83}},{"start":{"line":94,"column":86},"end":{"line":94,"column":92}}],"line":94},"9":{"loc":{"start":{"line":97,"column":8},"end":{"line":109,"column":9}},"type":"if","locations":[{"start":{"line":97,"column":8},"end":{"line":109,"column":9}},{"start":{},"end":{}}],"line":97}},"s":{"0":1,"1":1,"2":1,"3":1,"4":3,"5":0,"6":1,"7":1,"8":11,"9":1,"10":1,"11":1,"12":1,"13":2,"14":2,"15":1,"16":1,"17":1,"18":1,"19":1,"20":1,"21":5,"22":5,"23":5,"24":5,"25":1,"26":1,"27":4,"28":4,"29":1,"30":1,"31":4,"32":1,"33":1,"34":3,"35":2,"36":2,"37":1,"38":1,"39":1,"40":2,"41":2,"42":1,"43":1,"44":1,"45":1,"46":1,"47":1,"48":1,"49":11,"50":1},"f":{"0":1,"1":3,"2":11,"3":1,"4":1,"5":2,"6":1,"7":1,"8":1,"9":5,"10":2},"b":{"0":[5,1],"1":[1,4],"2":[5,4],"3":[1,3],"4":[1,3],"5":[1,1],"6":[1,0],"7":[1,1,1],"8":[0,2],"9":[1,1]},"_coverageSchema":"1a1c01bbd47fc00a2c39e90264f33305004495a9","hash":"d756da30ae47ffbd4a4e284043ce74d7fa3ecbfa"}
,"D:\\cinema\\FE\\src\\utils\\dateUtils.js": {"path":"D:\\cinema\\FE\\src\\utils\\dateUtils.js","statementMap":{"0":{"start":{"line":4,"column":2},"end":{"line":4,"column":42}},"1":{"start":{"line":9,"column":18},"end":{"line":9,"column":32}},"2":{"start":{"line":10,"column":20},"end":{"line":10,"column":36}},"3":{"start":{"line":11,"column":15},"end":{"line":11,"column":51}},"4":{"start":{"line":12,"column":17},"end":{"line":12,"column":34}},"5":{"start":{"line":13,"column":2},"end":{"line":13,"column":43}},"6":{"start":{"line":14,"column":2},"end":{"line":14,"column":30}},"7":{"start":{"line":15,"column":17},"end":{"line":15,"column":33}},"8":{"start":{"line":16,"column":2},"end":{"line":16,"column":39}},"9":{"start":{"line":17,"column":2},"end":{"line":17,"column":35}},"10":{"start":{"line":18,"column":2},"end":{"line":21,"column":4}},"11":{"start":{"line":26,"column":18},"end":{"line":26,"column":32}},"12":{"start":{"line":27,"column":2},"end":{"line":27,"column":41}},"13":{"start":{"line":28,"column":2},"end":{"line":28,"column":31}},"14":{"start":{"line":33,"column":16},"end":{"line":33,"column":35}},"15":{"start":{"line":34,"column":14},"end":{"line":34,"column":31}},"16":{"start":{"line":35,"column":19},"end":{"line":35,"column":88}},"17":{"start":{"line":36,"column":17},"end":{"line":36,"column":84}},"18":{"start":{"line":37,"column":15},"end":{"line":37,"column":32}},"19":{"start":{"line":38,"column":2},"end":{"line":38,"column":44}},"20":{"start":{"line":43,"column":15},"end":{"line":43,"column":32}},"21":{"start":{"line":44,"column":2},"end":{"line":44,"column":64}},"22":{"start":{"line":49,"column":15},"end":{"line":49,"column":32}},"23":{"start":{"line":50,"column":16},"end":{"line":50,"column":26}},"24":{"start":{"line":51,"column":2},"end":{"line":51,"column":54}},"25":{"start":{"line":56,"column":15},"end":{"line":56,"column":35}},"26":{"start":{"line":57,"column":15},"end":{"line":57,"column":33}},"27":{"start":{"line":58,"column":16},"end":{"line":58,"column":60}},"28":{"start":{"line":59,"column":14},"end":{"line":59,"column":53}},"29":{"start":{"line":60,"column":16},"end":{"line":60,"column":56}},"30":{"start":{"line":61,"column":18},"end":{"line":61,"column":60}},"31":{"start":{"line":62,"column":2},"end":{"line":62,"column":55}},"32":{"start":{"line":67,"column":2},"end":{"line":67,"column":50}},"33":{"start":{"line":72,"column":15},"end":{"line":72,"column":36}},"34":{"start":{"line":73,"column":2},"end":{"line":73,"column":82}},"35":{"start":{"line":78,"column":15},"end":{"line":78,"column":36}},"36":{"start":{"line":79,"column":2},"end":{"line":85,"column":5}},"37":{"start":{"line":91,"column":2},"end":{"line":100,"column":3}},"38":{"start":{"line":92,"column":37},"end":{"line":92,"column":72}},"39":{"start":{"line":93,"column":33},"end":{"line":93,"column":66}},"40":{"start":{"line":94,"column":4},"end":{"line":94,"column":71}},"41":{"start":{"line":97,"column":22},"end":{"line":97,"column":44}},"42":{"start":{"line":98,"column":20},"end":{"line":98,"column":40}},"43":{"start":{"line":99,"column":4},"end":{"line":99,"column":47}},"44":{"start":{"line":105,"column":16},"end":{"line":105,"column":35}},"45":{"start":{"line":106,"column":14},"end":{"line":106,"column":31}},"46":{"start":{"line":107,"column":2},"end":{"line":107,"column":58}},"47":{"start":{"line":112,"column":18},"end":{"line":112,"column":41}},"48":{"start":{"line":113,"column":2},"end":{"line":113,"column":41}},"49":{"start":{"line":114,"column":20},"end":{"line":114,"column":43}},"50":{"start":{"line":115,"column":2},"end":{"line":115,"column":48}},"51":{"start":{"line":116,"column":2},"end":{"line":119,"column":4}},"52":{"start":{"line":124,"column":18},"end":{"line":124,"column":41}},"53":{"start":{"line":125,"column":2},"end":{"line":125,"column":41}},"54":{"start":{"line":126,"column":20},"end":{"line":126,"column":43}},"55":{"start":{"line":127,"column":2},"end":{"line":127,"column":52}},"56":{"start":{"line":128,"column":2},"end":{"line":131,"column":4}},"57":{"start":{"line":136,"column":18},"end":{"line":136,"column":41}},"58":{"start":{"line":137,"column":2},"end":{"line":137,"column":41}},"59":{"start":{"line":138,"column":20},"end":{"line":138,"column":43}},"60":{"start":{"line":139,"column":2},"end":{"line":139,"column":57}},"61":{"start":{"line":140,"column":2},"end":{"line":143,"column":4}},"62":{"start":{"line":148,"column":19},"end":{"line":148,"column":56}},"63":{"start":{"line":149,"column":2},"end":{"line":153,"column":3}},"64":{"start":{"line":150,"column":4},"end":{"line":150,"column":18}},"65":{"start":{"line":151,"column":9},"end":{"line":153,"column":3}},"66":{"start":{"line":152,"column":4},"end":{"line":152,"column":19}},"67":{"start":{"line":154,"column":2},"end":{"line":154,"column":15}},"68":{"start":{"line":159,"column":18},"end":{"line":159,"column":32}},"69":{"start":{"line":160,"column":2},"end":{"line":166,"column":3}},"70":{"start":{"line":161,"column":4},"end":{"line":161,"column":68}},"71":{"start":{"line":162,"column":9},"end":{"line":166,"column":3}},"72":{"start":{"line":163,"column":4},"end":{"line":163,"column":84}},"73":{"start":{"line":165,"column":4},"end":{"line":165,"column":83}},"74":{"start":{"line":171,"column":2},"end":{"line":173,"column":3}},"75":{"start":{"line":172,"column":4},"end":{"line":172,"column":14}},"76":{"start":{"line":174,"column":2},"end":{"line":180,"column":3}},"77":{"start":{"line":175,"column":4},"end":{"line":179,"column":8}},"78":{"start":{"line":175,"column":34},"end":{"line":179,"column":5}},"79":{"start":{"line":181,"column":18},"end":{"line":181,"column":27}},"80":{"start":{"line":182,"column":2},"end":{"line":200,"column":5}},"81":{"start":{"line":183,"column":17},"end":{"line":183,"column":43}},"82":{"start":{"line":185,"column":4},"end":{"line":189,"column":5}},"83":{"start":{"line":186,"column":6},"end":{"line":186,"column":42}},"84":{"start":{"line":187,"column":11},"end":{"line":189,"column":5}},"85":{"start":{"line":188,"column":6},"end":{"line":188,"column":84}},"86":{"start":{"line":190,"column":4},"end":{"line":196,"column":5}},"87":{"start":{"line":191,"column":6},"end":{"line":195,"column":9}},"88":{"start":{"line":197,"column":21},"end":{"line":197,"column":37}},"89":{"start":{"line":198,"column":4},"end":{"line":198,"column":43}},"90":{"start":{"line":199,"column":4},"end":{"line":199,"column":45}},"91":{"start":{"line":201,"column":2},"end":{"line":205,"column":6}},"92":{"start":{"line":201,"column":51},"end":{"line":205,"column":3}},"93":{"start":{"line":208,"column":0},"end":{"line":227,"column":2}}},"fnMap":{"0":{"name":"formatDateForAPI","decl":{"start":{"line":3,"column":9},"end":{"line":3,"column":25}},"loc":{"start":{"line":3,"column":32},"end":{"line":5,"column":1}},"line":3},"1":{"name":"getWeekRange","decl":{"start":{"line":8,"column":9},"end":{"line":8,"column":21}},"loc":{"start":{"line":8,"column":41},"end":{"line":22,"column":1}},"line":8},"2":{"name":"getPreviousWeekRange","decl":{"start":{"line":25,"column":9},"end":{"line":25,"column":29}},"loc":{"start":{"line":25,"column":49},"end":{"line":29,"column":1}},"line":25},"3":{"name":"getWeekDisplayString","decl":{"start":{"line":32,"column":9},"end":{"line":32,"column":29}},"loc":{"start":{"line":32,"column":50},"end":{"line":39,"column":1}},"line":32},"4":{"name":"getDayName","decl":{"start":{"line":42,"column":9},"end":{"line":42,"column":19}},"loc":{"start":{"line":42,"column":29},"end":{"line":45,"column":1}},"line":42},"5":{"name":"isToday","decl":{"start":{"line":48,"column":9},"end":{"line":48,"column":16}},"loc":{"start":{"line":48,"column":26},"end":{"line":52,"column":1}},"line":48},"6":{"name":"toLocalDatetimeString","decl":{"start":{"line":55,"column":9},"end":{"line":55,"column":30}},"loc":{"start":{"line":55,"column":43},"end":{"line":63,"column":1}},"line":55},"7":{"name":"formatTime","decl":{"start":{"line":66,"column":9},"end":{"line":66,"column":19}},"loc":{"start":{"line":66,"column":26},"end":{"line":68,"column":1}},"line":66},"8":{"name":"formatShowtimeTime","decl":{"start":{"line":71,"column":9},"end":{"line":71,"column":27}},"loc":{"start":{"line":71,"column":41},"end":{"line":74,"column":1}},"line":71},"9":{"name":"formatDateTime","decl":{"start":{"line":77,"column":9},"end":{"line":77,"column":23}},"loc":{"start":{"line":77,"column":37},"end":{"line":86,"column":1}},"line":77},"10":{"name":"getDurationInMinutes","decl":{"start":{"line":89,"column":9},"end":{"line":89,"column":29}},"loc":{"start":{"line":89,"column":56},"end":{"line":101,"column":1}},"line":89},"11":{"name":"getDurationInDays","decl":{"start":{"line":104,"column":9},"end":{"line":104,"column":26}},"loc":{"start":{"line":104,"column":47},"end":{"line":108,"column":1}},"line":104},"12":{"name":"getLastDaysRange","decl":{"start":{"line":111,"column":9},"end":{"line":111,"column":25}},"loc":{"start":{"line":111,"column":60},"end":{"line":120,"column":1}},"line":111},"13":{"name":"getLastMonthsRange","decl":{"start":{"line":123,"column":9},"end":{"line":123,"column":27}},"loc":{"start":{"line":123,"column":64},"end":{"line":132,"column":1}},"line":123},"14":{"name":"getLastYearsRange","decl":{"start":{"line":135,"column":9},"end":{"line":135,"column":26}},"loc":{"start":{"line":135,"column":62},"end":{"line":144,"column":1}},"line":135},"15":{"name":"getGroupByFromDateRange","decl":{"start":{"line":147,"column":9},"end":{"line":147,"column":32}},"loc":{"start":{"line":147,"column":53},"end":{"line":155,"column":1}},"line":147},"16":{"name":"formatPeriodDisplayName","decl":{"start":{"line":158,"column":9},"end":{"line":158,"column":32}},"loc":{"start":{"line":158,"column":48},"end":{"line":167,"column":1}},"line":158},"17":{"name":"groupRevenueData","decl":{"start":{"line":170,"column":9},"end":{"line":170,"column":25}},"loc":{"start":{"line":170,"column":46},"end":{"line":206,"column":1}},"line":170},"18":{"name":"(anonymous_18)","decl":{"start":{"line":175,"column":25},"end":{"line":175,"column":26}},"loc":{"start":{"line":175,"column":34},"end":{"line":179,"column":5}},"line":175},"19":{"name":"(anonymous_19)","decl":{"start":{"line":182,"column":20},"end":{"line":182,"column":21}},"loc":{"start":{"line":182,"column":28},"end":{"line":200,"column":3}},"line":182},"20":{"name":"(anonymous_20)","decl":{"start":{"line":201,"column":42},"end":{"line":201,"column":43}},"loc":{"start":{"line":201,"column":51},"end":{"line":205,"column":3}},"line":201}},"branchMap":{"0":{"loc":{"start":{"line":8,"column":22},"end":{"line":8,"column":39}},"type":"default-arg","locations":[{"start":{"line":8,"column":29},"end":{"line":8,"column":39}}],"line":8},"1":{"loc":{"start":{"line":11,"column":15},"end":{"line":11,"column":51}},"type":"cond-expr","locations":[{"start":{"line":11,"column":33},"end":{"line":11,"column":35}},{"start":{"line":11,"column":38},"end":{"line":11,"column":51}}],"line":11},"2":{"loc":{"start":{"line":25,"column":30},"end":{"line":25,"column":47}},"type":"default-arg","locations":[{"start":{"line":25,"column":37},"end":{"line":25,"column":47}}],"line":25},"3":{"loc":{"start":{"line":91,"column":2},"end":{"line":100,"column":3}},"type":"if","locations":[{"start":{"line":91,"column":2},"end":{"line":100,"column":3}},{"start":{"line":95,"column":9},"end":{"line":100,"column":3}}],"line":91},"4":{"loc":{"start":{"line":91,"column":6},"end":{"line":91,"column":76}},"type":"binary-expr","locations":[{"start":{"line":91,"column":6},"end":{"line":91,"column":40}},{"start":{"line":91,"column":44},"end":{"line":91,"column":76}}],"line":91},"5":{"loc":{"start":{"line":111,"column":32},"end":{"line":111,"column":58}},"type":"default-arg","locations":[{"start":{"line":111,"column":48},"end":{"line":111,"column":58}}],"line":111},"6":{"loc":{"start":{"line":123,"column":36},"end":{"line":123,"column":62}},"type":"default-arg","locations":[{"start":{"line":123,"column":52},"end":{"line":123,"column":62}}],"line":123},"7":{"loc":{"start":{"line":135,"column":34},"end":{"line":135,"column":60}},"type":"default-arg","locations":[{"start":{"line":135,"column":50},"end":{"line":135,"column":60}}],"line":135},"8":{"loc":{"start":{"line":149,"column":2},"end":{"line":153,"column":3}},"type":"if","locations":[{"start":{"line":149,"column":2},"end":{"line":153,"column":3}},{"start":{"line":151,"column":9},"end":{"line":153,"column":3}}],"line":149},"9":{"loc":{"start":{"line":151,"column":9},"end":{"line":153,"column":3}},"type":"if","locations":[{"start":{"line":151,"column":9},"end":{"line":153,"column":3}},{"start":{},"end":{}}],"line":151},"10":{"loc":{"start":{"line":160,"column":2},"end":{"line":166,"column":3}},"type":"if","locations":[{"start":{"line":160,"column":2},"end":{"line":166,"column":3}},{"start":{"line":162,"column":9},"end":{"line":166,"column":3}}],"line":160},"11":{"loc":{"start":{"line":162,"column":9},"end":{"line":166,"column":3}},"type":"if","locations":[{"start":{"line":162,"column":9},"end":{"line":166,"column":3}},{"start":{"line":164,"column":9},"end":{"line":166,"column":3}}],"line":162},"12":{"loc":{"start":{"line":171,"column":2},"end":{"line":173,"column":3}},"type":"if","locations":[{"start":{"line":171,"column":2},"end":{"line":173,"column":3}},{"start":{},"end":{}}],"line":171},"13":{"loc":{"start":{"line":171,"column":6},"end":{"line":171,"column":42}},"type":"binary-expr","locations":[{"start":{"line":171,"column":6},"end":{"line":171,"column":16}},{"start":{"line":171,"column":20},"end":{"line":171,"column":42}}],"line":171},"14":{"loc":{"start":{"line":174,"column":2},"end":{"line":180,"column":3}},"type":"if","locations":[{"start":{"line":174,"column":2},"end":{"line":180,"column":3}},{"start":{},"end":{}}],"line":174},"15":{"loc":{"start":{"line":185,"column":4},"end":{"line":189,"column":5}},"type":"if","locations":[{"start":{"line":185,"column":4},"end":{"line":189,"column":5}},{"start":{"line":187,"column":11},"end":{"line":189,"column":5}}],"line":185},"16":{"loc":{"start":{"line":187,"column":11},"end":{"line":189,"column":5}},"type":"if","locations":[{"start":{"line":187,"column":11},"end":{"line":189,"column":5}},{"start":{},"end":{}}],"line":187},"17":{"loc":{"start":{"line":190,"column":4},"end":{"line":196,"column":5}},"type":"if","locations":[{"start":{"line":190,"column":4},"end":{"line":196,"column":5}},{"start":{},"end":{}}],"line":190}},"s":{"0":5,"1":2,"2":2,"3":2,"4":2,"5":2,"6":2,"7":2,"8":2,"9":2,"10":2,"11":1,"12":1,"13":1,"14":1,"15":1,"16":1,"17":1,"18":1,"19":1,"20":1,"21":1,"22":2,"23":2,"24":2,"25":1,"26":1,"27":1,"28":1,"29":1,"30":1,"31":1,"32":2,"33":1,"34":1,"35":1,"36":1,"37":1,"38":1,"39":1,"40":1,"41":0,"42":0,"43":0,"44":5,"45":5,"46":5,"47":1,"48":1,"49":1,"50":1,"51":1,"52":1,"53":1,"54":1,"55":1,"56":1,"57":1,"58":1,"59":1,"60":1,"61":1,"62":3,"63":3,"64":1,"65":2,"66":1,"67":1,"68":12,"69":12,"70":3,"71":9,"72":4,"73":5,"74":5,"75":2,"76":3,"77":1,"78":4,"79":2,"80":2,"81":8,"82":8,"83":4,"84":4,"85":4,"86":8,"87":5,"88":8,"89":8,"90":8,"91":2,"92":5,"93":1},"f":{"0":5,"1":2,"2":1,"3":1,"4":1,"5":2,"6":1,"7":2,"8":1,"9":1,"10":1,"11":5,"12":1,"13":1,"14":1,"15":3,"16":12,"17":5,"18":4,"19":8,"20":5},"b":{"0":[0],"1":[1,1],"2":[0],"3":[1,0],"4":[1,1],"5":[0],"6":[0],"7":[0],"8":[1,2],"9":[1,1],"10":[3,9],"11":[4,5],"12":[2,3],"13":[5,4],"14":[1,2],"15":[4,4],"16":[4,0],"17":[5,3]},"_coverageSchema":"1a1c01bbd47fc00a2c39e90264f33305004495a9","hash":"f458f8b888bab37cc3a59f0b6212490e4bbf34e3"}
,"D:\\cinema\\FE\\src\\utils\\formatters.js": {"path":"D:\\cinema\\FE\\src\\utils\\formatters.js","statementMap":{"0":{"start":{"line":2,"column":2},"end":{"line":5,"column":20}},"1":{"start":{"line":9,"column":2},"end":{"line":9,"column":32}},"2":{"start":{"line":13,"column":2},"end":{"line":13,"column":29}},"3":{"start":{"line":13,"column":19},"end":{"line":13,"column":29}},"4":{"start":{"line":14,"column":2},"end":{"line":14,"column":58}},"5":{"start":{"line":18,"column":2},"end":{"line":18,"column":33}},"6":{"start":{"line":18,"column":23},"end":{"line":18,"column":33}},"7":{"start":{"line":19,"column":2},"end":{"line":23,"column":5}},"8":{"start":{"line":27,"column":2},"end":{"line":27,"column":29}},"9":{"start":{"line":27,"column":19},"end":{"line":27,"column":29}},"10":{"start":{"line":28,"column":15},"end":{"line":28,"column":35}},"11":{"start":{"line":30,"column":14},"end":{"line":30,"column":53}},"12":{"start":{"line":31,"column":16},"end":{"line":31,"column":60}},"13":{"start":{"line":32,"column":15},"end":{"line":32,"column":33}},"14":{"start":{"line":34,"column":15},"end":{"line":34,"column":55}},"15":{"start":{"line":35,"column":17},"end":{"line":35,"column":59}},"16":{"start":{"line":36,"column":2},"end":{"line":36,"column":53}},"17":{"start":{"line":39,"column":0},"end":{"line":45,"column":2}}},"fnMap":{"0":{"name":"formatCurrency","decl":{"start":{"line":1,"column":9},"end":{"line":1,"column":23}},"loc":{"start":{"line":1,"column":32},"end":{"line":6,"column":1}},"line":1},"1":{"name":"formatPrice","decl":{"start":{"line":8,"column":9},"end":{"line":8,"column":20}},"loc":{"start":{"line":8,"column":29},"end":{"line":10,"column":1}},"line":8},"2":{"name":"formatDate","decl":{"start":{"line":12,"column":9},"end":{"line":12,"column":19}},"loc":{"start":{"line":12,"column":32},"end":{"line":15,"column":1}},"line":12},"3":{"name":"formatTime","decl":{"start":{"line":17,"column":9},"end":{"line":17,"column":19}},"loc":{"start":{"line":17,"column":36},"end":{"line":24,"column":1}},"line":17},"4":{"name":"formatDateTime","decl":{"start":{"line":26,"column":9},"end":{"line":26,"column":23}},"loc":{"start":{"line":26,"column":36},"end":{"line":37,"column":1}},"line":26}},"branchMap":{"0":{"loc":{"start":{"line":13,"column":2},"end":{"line":13,"column":29}},"type":"if","locations":[{"start":{"line":13,"column":2},"end":{"line":13,"column":29}},{"start":{},"end":{}}],"line":13},"1":{"loc":{"start":{"line":18,"column":2},"end":{"line":18,"column":33}},"type":"if","locations":[{"start":{"line":18,"column":2},"end":{"line":18,"column":33}},{"start":{},"end":{}}],"line":18},"2":{"loc":{"start":{"line":27,"column":2},"end":{"line":27,"column":29}},"type":"if","locations":[{"start":{"line":27,"column":2},"end":{"line":27,"column":29}},{"start":{},"end":{}}],"line":27}},"s":{"0":2,"1":0,"2":2,"3":1,"4":1,"5":2,"6":1,"7":1,"8":2,"9":1,"10":1,"11":1,"12":1,"13":1,"14":1,"15":1,"16":1,"17":1},"f":{"0":2,"1":0,"2":2,"3":2,"4":2},"b":{"0":[1,1],"1":[1,1],"2":[1,1]},"_coverageSchema":"1a1c01bbd47fc00a2c39e90264f33305004495a9","hash":"b488dde83ce571ae654a148677a7498c1bfb4d44"}
,"D:\\cinema\\FE\\src\\utils\\seatUtils.js": {"path":"D:\\cinema\\FE\\src\\utils\\seatUtils.js","statementMap":{"0":{"start":{"line":1,"column":21},"end":{"line":3,"column":1}},"1":{"start":{"line":2,"column":2},"end":{"line":2,"column":82}},"2":{"start":{"line":2,"column":55},"end":{"line":2,"column":80}},"3":{"start":{"line":5,"column":21},"end":{"line":7,"column":1}},"4":{"start":{"line":6,"column":2},"end":{"line":6,"column":82}},"5":{"start":{"line":6,"column":55},"end":{"line":6,"column":80}},"6":{"start":{"line":9,"column":26},"end":{"line":14,"column":1}},"7":{"start":{"line":10,"column":2},"end":{"line":13,"column":30}},"8":{"start":{"line":16,"column":24},"end":{"line":21,"column":1}},"9":{"start":{"line":17,"column":2},"end":{"line":17,"column":44}},"10":{"start":{"line":17,"column":31},"end":{"line":17,"column":44}},"11":{"start":{"line":18,"column":2},"end":{"line":18,"column":52}},"12":{"start":{"line":18,"column":39},"end":{"line":18,"column":52}},"13":{"start":{"line":19,"column":2},"end":{"line":19,"column":52}},"14":{"start":{"line":19,"column":39},"end":{"line":19,"column":52}},"15":{"start":{"line":20,"column":2},"end":{"line":20,"column":14}},"16":{"start":{"line":23,"column":0},"end":{"line":28,"column":2}}},"fnMap":{"0":{"name":"(anonymous_0)","decl":{"start":{"line":1,"column":21},"end":{"line":1,"column":22}},"loc":{"start":{"line":1,"column":44},"end":{"line":3,"column":1}},"line":1},"1":{"name":"(anonymous_1)","decl":{"start":{"line":2,"column":41},"end":{"line":2,"column":42}},"loc":{"start":{"line":2,"column":55},"end":{"line":2,"column":80}},"line":2},"2":{"name":"(anonymous_2)","decl":{"start":{"line":5,"column":21},"end":{"line":5,"column":22}},"loc":{"start":{"line":5,"column":44},"end":{"line":7,"column":1}},"line":5},"3":{"name":"(anonymous_3)","decl":{"start":{"line":6,"column":41},"end":{"line":6,"column":42}},"loc":{"start":{"line":6,"column":55},"end":{"line":6,"column":80}},"line":6},"4":{"name":"(anonymous_4)","decl":{"start":{"line":9,"column":26},"end":{"line":9,"column":27}},"loc":{"start":{"line":9,"column":36},"end":{"line":14,"column":1}},"line":9},"5":{"name":"(anonymous_5)","decl":{"start":{"line":16,"column":24},"end":{"line":16,"column":25}},"loc":{"start":{"line":16,"column":60},"end":{"line":21,"column":1}},"line":16}},"branchMap":{"0":{"loc":{"start":{"line":2,"column":9},"end":{"line":2,"column":81}},"type":"binary-expr","locations":[{"start":{"line":2,"column":9},"end":{"line":2,"column":20}},{"start":{"line":2,"column":24},"end":{"line":2,"column":81}}],"line":2},"1":{"loc":{"start":{"line":6,"column":9},"end":{"line":6,"column":81}},"type":"binary-expr","locations":[{"start":{"line":6,"column":9},"end":{"line":6,"column":20}},{"start":{"line":6,"column":24},"end":{"line":6,"column":81}}],"line":6},"2":{"loc":{"start":{"line":10,"column":9},"end":{"line":13,"column":29}},"type":"binary-expr","locations":[{"start":{"line":10,"column":9},"end":{"line":10,"column":14}},{"start":{"line":11,"column":4},"end":{"line":11,"column":30}},{"start":{"line":12,"column":4},"end":{"line":12,"column":33}},{"start":{"line":13,"column":4},"end":{"line":13,"column":29}}],"line":10},"3":{"loc":{"start":{"line":17,"column":2},"end":{"line":17,"column":44}},"type":"if","locations":[{"start":{"line":17,"column":2},"end":{"line":17,"column":44}},{"start":{},"end":{}}],"line":17},"4":{"loc":{"start":{"line":18,"column":2},"end":{"line":18,"column":52}},"type":"if","locations":[{"start":{"line":18,"column":2},"end":{"line":18,"column":52}},{"start":{},"end":{}}],"line":18},"5":{"loc":{"start":{"line":19,"column":2},"end":{"line":19,"column":52}},"type":"if","locations":[{"start":{"line":19,"column":2},"end":{"line":19,"column":52}},{"start":{},"end":{}}],"line":19}},"s":{"0":1,"1":5,"2":3,"3":1,"4":2,"5":1,"6":1,"7":6,"8":1,"9":3,"10":1,"11":2,"12":1,"13":1,"14":0,"15":1,"16":1},"f":{"0":5,"1":3,"2":2,"3":1,"4":6,"5":3},"b":{"0":[5,5],"1":[2,2],"2":[6,6,4,3],"3":[1,2],"4":[1,1],"5":[0,1]},"_coverageSchema":"1a1c01bbd47fc00a2c39e90264f33305004495a9","hash":"5d82fbcef2275db8d663dd42493607fb8c135e0d"}
}
