TN:
SF:src\services\permissionService.js
FN:2,decodeToken
FN:10,(anonymous_1)
FN:21,permissionService
FN:24,(anonymous_3)
FN:30,(anonymous_4)
FN:36,(anonymous_5)
FN:42,(anonymous_6)
FN:50,(anonymous_7)
FN:58,(anonymous_8)
FN:64,(anonymous_9)
FN:94,(anonymous_10)
FNF:11
FNH:11
FNDA:1,decodeToken
FNDA:3,(anonymous_1)
FNDA:11,permissionService
FNDA:1,(anonymous_3)
FNDA:1,(anonymous_4)
FNDA:2,(anonymous_5)
FNDA:1,(anonymous_6)
FNDA:1,(anonymous_7)
FNDA:1,(anonymous_8)
FNDA:5,(anonymous_9)
FNDA:2,(anonymous_10)
DA:3,1
DA:4,1
DA:5,1
DA:6,1
DA:10,3
DA:13,0
DA:15,1
DA:16,1
DA:22,11
DA:25,1
DA:26,1
DA:31,1
DA:32,1
DA:37,2
DA:38,2
DA:43,1
DA:46,1
DA:51,1
DA:54,1
DA:59,1
DA:60,1
DA:65,5
DA:66,5
DA:67,5
DA:69,5
DA:70,1
DA:71,1
DA:75,4
DA:76,4
DA:77,1
DA:78,1
DA:81,4
DA:82,1
DA:83,1
DA:87,3
DA:89,2
DA:90,2
DA:91,1
DA:92,1
DA:94,2
DA:97,2
DA:99,1
DA:105,1
DA:107,1
DA:108,1
DA:110,1
DA:112,1
DA:113,1
DA:117,11
DA:120,1
LF:50
LH:49
BRDA:67,0,0,5
BRDA:67,0,1,1
BRDA:69,1,0,1
BRDA:69,1,1,4
BRDA:69,2,0,5
BRDA:69,2,1,4
BRDA:76,3,0,1
BRDA:76,3,1,3
BRDA:81,4,0,1
BRDA:81,4,1,3
BRDA:90,5,0,1
BRDA:90,5,1,1
BRDA:92,6,0,1
BRDA:92,6,1,0
BRDA:92,7,0,1
BRDA:92,7,1,1
BRDA:92,7,2,1
BRDA:94,8,0,0
BRDA:94,8,1,2
BRDA:97,9,0,1
BRDA:97,9,1,1
BRF:21
BRH:19
end_of_record
TN:
SF:src\utils\dateUtils.js
FN:3,formatDateForAPI
FN:8,getWeekRange
FN:25,getPreviousWeekRange
FN:32,getWeekDisplayString
FN:42,getDayName
FN:48,isToday
FN:55,toLocalDatetimeString
FN:66,formatTime
FN:71,formatShowtimeTime
FN:77,formatDateTime
FN:89,getDurationInMinutes
FN:104,getDurationInDays
FN:111,getLastDaysRange
FN:123,getLastMonthsRange
FN:135,getLastYearsRange
FN:147,getGroupByFromDateRange
FN:158,formatPeriodDisplayName
FN:170,groupRevenueData
FN:175,(anonymous_18)
FN:182,(anonymous_19)
FN:201,(anonymous_20)
FNF:21
FNH:21
FNDA:5,formatDateForAPI
FNDA:2,getWeekRange
FNDA:1,getPreviousWeekRange
FNDA:1,getWeekDisplayString
FNDA:1,getDayName
FNDA:2,isToday
FNDA:1,toLocalDatetimeString
FNDA:2,formatTime
FNDA:1,formatShowtimeTime
FNDA:1,formatDateTime
FNDA:1,getDurationInMinutes
FNDA:5,getDurationInDays
FNDA:1,getLastDaysRange
FNDA:1,getLastMonthsRange
FNDA:1,getLastYearsRange
FNDA:3,getGroupByFromDateRange
FNDA:12,formatPeriodDisplayName
FNDA:5,groupRevenueData
FNDA:4,(anonymous_18)
FNDA:8,(anonymous_19)
FNDA:5,(anonymous_20)
DA:4,5
DA:9,2
DA:10,2
DA:11,2
DA:12,2
DA:13,2
DA:14,2
DA:15,2
DA:16,2
DA:17,2
DA:18,2
DA:26,1
DA:27,1
DA:28,1
DA:33,1
DA:34,1
DA:35,1
DA:36,1
DA:37,1
DA:38,1
DA:43,1
DA:44,1
DA:49,2
DA:50,2
DA:51,2
DA:56,1
DA:57,1
DA:58,1
DA:59,1
DA:60,1
DA:61,1
DA:62,1
DA:67,2
DA:72,1
DA:73,1
DA:78,1
DA:79,1
DA:91,1
DA:92,1
DA:93,1
DA:94,1
DA:97,0
DA:98,0
DA:99,0
DA:105,5
DA:106,5
DA:107,5
DA:112,1
DA:113,1
DA:114,1
DA:115,1
DA:116,1
DA:124,1
DA:125,1
DA:126,1
DA:127,1
DA:128,1
DA:136,1
DA:137,1
DA:138,1
DA:139,1
DA:140,1
DA:148,3
DA:149,3
DA:150,1
DA:151,2
DA:152,1
DA:154,1
DA:159,12
DA:160,12
DA:161,3
DA:162,9
DA:163,4
DA:165,5
DA:171,5
DA:172,2
DA:174,3
DA:175,4
DA:181,2
DA:182,2
DA:183,8
DA:185,8
DA:186,4
DA:187,4
DA:188,4
DA:190,8
DA:191,5
DA:197,8
DA:198,8
DA:199,8
DA:201,5
DA:208,1
LF:92
LH:89
BRDA:8,0,0,0
BRDA:11,1,0,1
BRDA:11,1,1,1
BRDA:25,2,0,0
BRDA:91,3,0,1
BRDA:91,3,1,0
BRDA:91,4,0,1
BRDA:91,4,1,1
BRDA:111,5,0,0
BRDA:123,6,0,0
BRDA:135,7,0,0
BRDA:149,8,0,1
BRDA:149,8,1,2
BRDA:151,9,0,1
BRDA:151,9,1,1
BRDA:160,10,0,3
BRDA:160,10,1,9
BRDA:162,11,0,4
BRDA:162,11,1,5
BRDA:171,12,0,2
BRDA:171,12,1,3
BRDA:171,13,0,5
BRDA:171,13,1,4
BRDA:174,14,0,1
BRDA:174,14,1,2
BRDA:185,15,0,4
BRDA:185,15,1,4
BRDA:187,16,0,4
BRDA:187,16,1,0
BRDA:190,17,0,5
BRDA:190,17,1,3
BRF:31
BRH:24
end_of_record
TN:
SF:src\utils\formatters.js
FN:1,formatCurrency
FN:8,formatPrice
FN:12,formatDate
FN:17,formatTime
FN:26,formatDateTime
FNF:5
FNH:4
FNDA:2,formatCurrency
FNDA:0,formatPrice
FNDA:2,formatDate
FNDA:2,formatTime
FNDA:2,formatDateTime
DA:2,2
DA:9,0
DA:13,2
DA:14,1
DA:18,2
DA:19,1
DA:27,2
DA:28,1
DA:30,1
DA:31,1
DA:32,1
DA:34,1
DA:35,1
DA:36,1
DA:39,1
LF:15
LH:14
BRDA:13,0,0,1
BRDA:13,0,1,1
BRDA:18,1,0,1
BRDA:18,1,1,1
BRDA:27,2,0,1
BRDA:27,2,1,1
BRF:6
BRH:6
end_of_record
TN:
SF:src\utils\seatUtils.js
FN:1,(anonymous_0)
FN:2,(anonymous_1)
FN:5,(anonymous_2)
FN:6,(anonymous_3)
FN:9,(anonymous_4)
FN:16,(anonymous_5)
FNF:6
FNH:6
FNDA:5,(anonymous_0)
FNDA:3,(anonymous_1)
FNDA:2,(anonymous_2)
FNDA:1,(anonymous_3)
FNDA:6,(anonymous_4)
FNDA:3,(anonymous_5)
DA:1,1
DA:2,5
DA:5,1
DA:6,2
DA:9,1
DA:10,6
DA:16,1
DA:17,3
DA:18,2
DA:19,1
DA:20,1
DA:23,1
LF:12
LH:12
BRDA:2,0,0,5
BRDA:2,0,1,5
BRDA:6,1,0,2
BRDA:6,1,1,2
BRDA:10,2,0,6
BRDA:10,2,1,6
BRDA:10,2,2,4
BRDA:10,2,3,3
BRDA:17,3,0,1
BRDA:17,3,1,2
BRDA:18,4,0,1
BRDA:18,4,1,1
BRDA:19,5,0,0
BRDA:19,5,1,1
BRF:14
BRH:13
end_of_record
