<?xml version="1.0" encoding="UTF-8"?>
<coverage generated="1776525142152" clover="3.2.0">
  <project timestamp="1776525142153" name="All files">
    <metrics statements="65" coveredstatements="61" conditionals="31" coveredconditionals="24" methods="8" coveredmethods="7" elements="104" coveredelements="92" complexity="0" loc="65" ncloc="65" packages="1" files="1" classes="1"/>
    <file name="userService.ts" path="D:\MON HOC\ĐỒ ÁN MẪU\cinema-project\user-service\src\services\userService.ts">
      <metrics statements="65" coveredstatements="61" conditionals="31" coveredconditionals="24" methods="8" coveredmethods="7"/>
      <line num="1" count="1" type="stmt"/>
      <line num="3" count="1" type="stmt"/>
      <line num="26" count="1" type="stmt"/>
      <line num="30" count="17" type="stmt"/>
      <line num="34" count="3" type="cond" truecount="1" falsecount="0"/>
      <line num="35" count="1" type="stmt"/>
      <line num="38" count="2" type="stmt"/>
      <line num="42" count="2" type="cond" truecount="1" falsecount="0"/>
      <line num="43" count="1" type="stmt"/>
      <line num="46" count="1" type="stmt"/>
      <line num="47" count="1" type="stmt"/>
      <line num="56" count="5" type="cond" truecount="0" falsecount="1"/>
      <line num="57" count="0" type="stmt"/>
      <line num="60" count="5" type="cond" truecount="3" falsecount="0"/>
      <line num="61" count="2" type="cond" truecount="3" falsecount="0"/>
      <line num="62" count="1" type="stmt"/>
      <line num="66" count="4" type="stmt"/>
      <line num="70" count="4" type="cond" truecount="1" falsecount="0"/>
      <line num="71" count="1" type="stmt"/>
      <line num="74" count="3" type="stmt"/>
      <line num="75" count="3" type="cond" truecount="1" falsecount="0"/>
      <line num="76" count="3" type="cond" truecount="1" falsecount="0"/>
      <line num="77" count="3" type="cond" truecount="1" falsecount="0"/>
      <line num="78" count="3" type="cond" truecount="1" falsecount="0"/>
      <line num="79" count="3" type="cond" truecount="1" falsecount="0"/>
      <line num="81" count="3" type="stmt"/>
      <line num="83" count="3" type="stmt"/>
      <line num="84" count="3" type="stmt"/>
      <line num="88" count="3" type="cond" truecount="0" falsecount="2"/>
      <line num="90" count="3" type="stmt"/>
      <line num="92" count="3" type="cond" truecount="1" falsecount="0"/>
      <line num="93" count="1" type="stmt"/>
      <line num="99" count="3" type="stmt"/>
      <line num="100" count="3" type="cond" truecount="1" falsecount="0"/>
      <line num="101" count="1" type="stmt"/>
      <line num="104" count="3" type="stmt"/>
      <line num="106" count="3" type="stmt"/>
      <line num="117" count="3" type="stmt"/>
      <line num="119" count="3" type="stmt"/>
      <line num="135" count="3" type="stmt"/>
      <line num="136" count="1" type="stmt"/>
      <line num="148" count="1" type="cond" truecount="0" falsecount="2"/>
      <line num="150" count="1" type="stmt"/>
      <line num="152" count="1" type="cond" truecount="0" falsecount="1"/>
      <line num="153" count="0" type="stmt"/>
      <line num="159" count="1" type="stmt"/>
      <line num="163" count="1" type="cond" truecount="0" falsecount="1"/>
      <line num="164" count="0" type="stmt"/>
      <line num="167" count="1" type="stmt"/>
      <line num="169" count="1" type="stmt"/>
      <line num="180" count="1" type="stmt"/>
      <line num="182" count="1" type="stmt"/>
      <line num="198" count="1" type="stmt"/>
      <line num="199" count="0" type="stmt"/>
      <line num="211" count="5" type="cond" truecount="1" falsecount="0"/>
      <line num="212" count="1" type="stmt"/>
      <line num="215" count="4" type="cond" truecount="1" falsecount="0"/>
      <line num="216" count="1" type="stmt"/>
      <line num="219" count="3" type="stmt"/>
      <line num="223" count="3" type="cond" truecount="1" falsecount="0"/>
      <line num="224" count="1" type="stmt"/>
      <line num="227" count="2" type="stmt"/>
      <line num="228" count="2" type="cond" truecount="1" falsecount="0"/>
      <line num="229" count="1" type="stmt"/>
      <line num="232" count="1" type="stmt"/>
    </file>
  </project>
</coverage>
