{"D:\\MON HOC\\ĐỒ ÁN MẪU\\cinema-project\\user-service\\src\\services\\userService.ts": {"path":"D:\\MON HOC\\ĐỒ ÁN MẪU\\cinema-project\\user-service\\src\\services\\userService.ts","statementMap":{"0":{"start":{"line":1,"column":0},"end":{"line":1,"column":31}},"1":{"start":{"line":3,"column":0},"end":{"line":3,"column":null}},"2":{"start":{"line":30,"column":4},"end":{"line":30,"column":25}},"3":{"start":{"line":34,"column":4},"end":{"line":36,"column":5}},"4":{"start":{"line":35,"column":6},"end":{"line":35,"column":53}},"5":{"start":{"line":38,"column":17},"end":{"line":40,"column":6}},"6":{"start":{"line":42,"column":4},"end":{"line":44,"column":5}},"7":{"start":{"line":43,"column":6},"end":{"line":43,"column":52}},"8":{"start":{"line":46,"column":38},"end":{"line":46,"column":51}},"9":{"start":{"line":47,"column":4},"end":{"line":47,"column":37}},"10":{"start":{"line":56,"column":4},"end":{"line":58,"column":5}},"11":{"start":{"line":57,"column":6},"end":{"line":57,"column":53}},"12":{"start":{"line":60,"column":4},"end":{"line":64,"column":5}},"13":{"start":{"line":61,"column":6},"end":{"line":63,"column":7}},"14":{"start":{"line":62,"column":8},"end":{"line":62,"column":64}},"15":{"start":{"line":66,"column":17},"end":{"line":68,"column":6}},"16":{"start":{"line":70,"column":4},"end":{"line":72,"column":5}},"17":{"start":{"line":71,"column":6},"end":{"line":71,"column":52}},"18":{"start":{"line":74,"column":30},"end":{"line":74,"column":32}},"19":{"start":{"line":75,"column":4},"end":{"line":75,"column":61}},"20":{"start":{"line":75,"column":25},"end":{"line":75,"column":61}},"21":{"start":{"line":76,"column":4},"end":{"line":76,"column":85}},"22":{"start":{"line":76,"column":33},"end":{"line":76,"column":85}},"23":{"start":{"line":77,"column":4},"end":{"line":77,"column":70}},"24":{"start":{"line":77,"column":28},"end":{"line":77,"column":70}},"25":{"start":{"line":78,"column":4},"end":{"line":78,"column":67}},"26":{"start":{"line":78,"column":27},"end":{"line":78,"column":67}},"27":{"start":{"line":79,"column":4},"end":{"line":79,"column":58}},"28":{"start":{"line":79,"column":24},"end":{"line":79,"column":58}},"29":{"start":{"line":81,"column":4},"end":{"line":81,"column":36}},"30":{"start":{"line":83,"column":38},"end":{"line":83,"column":51}},"31":{"start":{"line":84,"column":4},"end":{"line":84,"column":37}},"32":{"start":{"line":88,"column":50},"end":{"line":88,"column":57}},"33":{"start":{"line":90,"column":29},"end":{"line":90,"column":31}},"34":{"start":{"line":92,"column":4},"end":{"line":97,"column":5}},"35":{"start":{"line":93,"column":6},"end":{"line":96,"column":8}},"36":{"start":{"line":99,"column":33},"end":{"line":99,"column":35}},"37":{"start":{"line":100,"column":4},"end":{"line":102,"column":5}},"38":{"start":{"line":101,"column":6},"end":{"line":101,"column":34}},"39":{"start":{"line":104,"column":19},"end":{"line":104,"column":36}},"40":{"start":{"line":106,"column":23},"end":{"line":116,"column":6}},"41":{"start":{"line":117,"column":23},"end":{"line":117,"column":51}},"42":{"start":{"line":119,"column":18},"end":{"line":133,"column":6}},"43":{"start":{"line":135,"column":4},"end":{"line":143,"column":6}},"44":{"start":{"line":136,"column":27},"end":{"line":136,"column":37}},"45":{"start":{"line":148,"column":50},"end":{"line":148,"column":57}},"46":{"start":{"line":150,"column":29},"end":{"line":150,"column":31}},"47":{"start":{"line":152,"column":4},"end":{"line":157,"column":5}},"48":{"start":{"line":153,"column":6},"end":{"line":156,"column":8}},"49":{"start":{"line":159,"column":33},"end":{"line":161,"column":6}},"50":{"start":{"line":163,"column":4},"end":{"line":165,"column":5}},"51":{"start":{"line":164,"column":6},"end":{"line":164,"column":34}},"52":{"start":{"line":167,"column":19},"end":{"line":167,"column":36}},"53":{"start":{"line":169,"column":23},"end":{"line":179,"column":6}},"54":{"start":{"line":180,"column":23},"end":{"line":180,"column":51}},"55":{"start":{"line":182,"column":18},"end":{"line":196,"column":6}},"56":{"start":{"line":198,"column":4},"end":{"line":206,"column":6}},"57":{"start":{"line":199,"column":27},"end":{"line":199,"column":37}},"58":{"start":{"line":211,"column":4},"end":{"line":213,"column":5}},"59":{"start":{"line":212,"column":6},"end":{"line":212,"column":53}},"60":{"start":{"line":215,"column":4},"end":{"line":217,"column":5}},"61":{"start":{"line":216,"column":6},"end":{"line":216,"column":60}},"62":{"start":{"line":219,"column":17},"end":{"line":221,"column":6}},"63":{"start":{"line":223,"column":4},"end":{"line":225,"column":5}},"64":{"start":{"line":224,"column":6},"end":{"line":224,"column":52}},"65":{"start":{"line":227,"column":21},"end":{"line":227,"column":34}},"66":{"start":{"line":228,"column":4},"end":{"line":230,"column":5}},"67":{"start":{"line":229,"column":6},"end":{"line":229,"column":54}},"68":{"start":{"line":232,"column":4},"end":{"line":232,"column":25}},"69":{"start":{"line":26,"column":0},"end":{"line":26,"column":13}}},"fnMap":{"0":{"name":"(anonymous_0)","decl":{"start":{"line":29,"column":2},"end":{"line":29,"column":14}},"loc":{"start":{"line":29,"column":28},"end":{"line":31,"column":3}}},"1":{"name":"(anonymous_1)","decl":{"start":{"line":33,"column":9},"end":{"line":33,"column":14}},"loc":{"start":{"line":33,"column":41},"end":{"line":48,"column":3}}},"2":{"name":"(anonymous_2)","decl":{"start":{"line":50,"column":9},"end":{"line":50,"column":14}},"loc":{"start":{"line":54,"column":31},"end":{"line":85,"column":3}}},"3":{"name":"(anonymous_3)","decl":{"start":{"line":87,"column":9},"end":{"line":87,"column":14}},"loc":{"start":{"line":87,"column":55},"end":{"line":144,"column":3}}},"4":{"name":"(anonymous_4)","decl":{"start":{"line":136,"column":22},"end":{"line":136,"column":23}},"loc":{"start":{"line":136,"column":27},"end":{"line":136,"column":37}}},"5":{"name":"(anonymous_5)","decl":{"start":{"line":147,"column":9},"end":{"line":147,"column":14}},"loc":{"start":{"line":147,"column":56},"end":{"line":207,"column":3}}},"6":{"name":"(anonymous_6)","decl":{"start":{"line":199,"column":22},"end":{"line":199,"column":23}},"loc":{"start":{"line":199,"column":27},"end":{"line":199,"column":37}}},"7":{"name":"(anonymous_7)","decl":{"start":{"line":210,"column":9},"end":{"line":210,"column":14}},"loc":{"start":{"line":210,"column":66},"end":{"line":233,"column":3}}}},"branchMap":{"0":{"loc":{"start":{"line":34,"column":4},"end":{"line":36,"column":5}},"type":"if","locations":[{"start":{"line":34,"column":4},"end":{"line":36,"column":5}}]},"1":{"loc":{"start":{"line":42,"column":4},"end":{"line":44,"column":5}},"type":"if","locations":[{"start":{"line":42,"column":4},"end":{"line":44,"column":5}}]},"2":{"loc":{"start":{"line":56,"column":4},"end":{"line":58,"column":5}},"type":"if","locations":[{"start":{"line":56,"column":4},"end":{"line":58,"column":5}}]},"3":{"loc":{"start":{"line":60,"column":4},"end":{"line":64,"column":5}},"type":"if","locations":[{"start":{"line":60,"column":4},"end":{"line":64,"column":5}}]},"4":{"loc":{"start":{"line":60,"column":8},"end":{"line":60,"column":55}},"type":"binary-expr","locations":[{"start":{"line":60,"column":8},"end":{"line":60,"column":24}},{"start":{"line":60,"column":28},"end":{"line":60,"column":55}}]},"5":{"loc":{"start":{"line":61,"column":6},"end":{"line":63,"column":7}},"type":"if","locations":[{"start":{"line":61,"column":6},"end":{"line":63,"column":7}}]},"6":{"loc":{"start":{"line":61,"column":10},"end":{"line":61,"column":89}},"type":"binary-expr","locations":[{"start":{"line":61,"column":10},"end":{"line":61,"column":29}},{"start":{"line":61,"column":33},"end":{"line":61,"column":89}}]},"7":{"loc":{"start":{"line":70,"column":4},"end":{"line":72,"column":5}},"type":"if","locations":[{"start":{"line":70,"column":4},"end":{"line":72,"column":5}}]},"8":{"loc":{"start":{"line":75,"column":4},"end":{"line":75,"column":61}},"type":"if","locations":[{"start":{"line":75,"column":4},"end":{"line":75,"column":61}}]},"9":{"loc":{"start":{"line":76,"column":4},"end":{"line":76,"column":85}},"type":"if","locations":[{"start":{"line":76,"column":4},"end":{"line":76,"column":85}}]},"10":{"loc":{"start":{"line":77,"column":4},"end":{"line":77,"column":70}},"type":"if","locations":[{"start":{"line":77,"column":4},"end":{"line":77,"column":70}}]},"11":{"loc":{"start":{"line":78,"column":4},"end":{"line":78,"column":67}},"type":"if","locations":[{"start":{"line":78,"column":4},"end":{"line":78,"column":67}}]},"12":{"loc":{"start":{"line":79,"column":4},"end":{"line":79,"column":58}},"type":"if","locations":[{"start":{"line":79,"column":4},"end":{"line":79,"column":58}}]},"13":{"loc":{"start":{"line":88,"column":12},"end":{"line":88,"column":20}},"type":"default-arg","locations":[{"start":{"line":88,"column":19},"end":{"line":88,"column":20}}]},"14":{"loc":{"start":{"line":88,"column":22},"end":{"line":88,"column":31}},"type":"default-arg","locations":[{"start":{"line":88,"column":29},"end":{"line":88,"column":31}}]},"15":{"loc":{"start":{"line":92,"column":4},"end":{"line":97,"column":5}},"type":"if","locations":[{"start":{"line":92,"column":4},"end":{"line":97,"column":5}}]},"16":{"loc":{"start":{"line":100,"column":4},"end":{"line":102,"column":5}},"type":"if","locations":[{"start":{"line":100,"column":4},"end":{"line":102,"column":5}}]},"17":{"loc":{"start":{"line":108,"column":15},"end":{"line":115,"column":12}},"type":"cond-expr","locations":[{"start":{"line":108,"column":22},"end":{"line":115,"column":8}},{"start":{"line":115,"column":10},"end":{"line":115,"column":12}}]},"18":{"loc":{"start":{"line":127,"column":17},"end":{"line":127,"column":51}},"type":"cond-expr","locations":[{"start":{"line":127,"column":24},"end":{"line":127,"column":39}},{"start":{"line":127,"column":42},"end":{"line":127,"column":51}}]},"19":{"loc":{"start":{"line":148,"column":12},"end":{"line":148,"column":20}},"type":"default-arg","locations":[{"start":{"line":148,"column":19},"end":{"line":148,"column":20}}]},"20":{"loc":{"start":{"line":148,"column":22},"end":{"line":148,"column":31}},"type":"default-arg","locations":[{"start":{"line":148,"column":29},"end":{"line":148,"column":31}}]},"21":{"loc":{"start":{"line":152,"column":4},"end":{"line":157,"column":5}},"type":"if","locations":[{"start":{"line":152,"column":4},"end":{"line":157,"column":5}}]},"22":{"loc":{"start":{"line":163,"column":4},"end":{"line":165,"column":5}},"type":"if","locations":[{"start":{"line":163,"column":4},"end":{"line":165,"column":5}}]},"23":{"loc":{"start":{"line":211,"column":4},"end":{"line":213,"column":5}},"type":"if","locations":[{"start":{"line":211,"column":4},"end":{"line":213,"column":5}}]},"24":{"loc":{"start":{"line":215,"column":4},"end":{"line":217,"column":5}},"type":"if","locations":[{"start":{"line":215,"column":4},"end":{"line":217,"column":5}}]},"25":{"loc":{"start":{"line":223,"column":4},"end":{"line":225,"column":5}},"type":"if","locations":[{"start":{"line":223,"column":4},"end":{"line":225,"column":5}}]},"26":{"loc":{"start":{"line":228,"column":4},"end":{"line":230,"column":5}},"type":"if","locations":[{"start":{"line":228,"column":4},"end":{"line":230,"column":5}}]}},"s":{"0":1,"1":1,"2":17,"3":3,"4":1,"5":2,"6":2,"7":1,"8":1,"9":1,"10":5,"11":0,"12":5,"13":2,"14":1,"15":4,"16":4,"17":1,"18":3,"19":3,"20":2,"21":3,"22":2,"23":3,"24":1,"25":3,"26":1,"27":3,"28":1,"29":3,"30":3,"31":3,"32":3,"33":3,"34":3,"35":1,"36":3,"37":3,"38":1,"39":3,"40":3,"41":3,"42":3,"43":3,"44":1,"45":1,"46":1,"47":1,"48":0,"49":1,"50":1,"51":0,"52":1,"53":1,"54":1,"55":1,"56":1,"57":0,"58":5,"59":1,"60":4,"61":1,"62":3,"63":3,"64":1,"65":2,"66":2,"67":1,"68":1,"69":1},"f":{"0":17,"1":3,"2":5,"3":3,"4":1,"5":1,"6":0,"7":5},"b":{"0":[1],"1":[1],"2":[0],"3":[2],"4":[5,5],"5":[1],"6":[2,2],"7":[1],"8":[2],"9":[2],"10":[1],"11":[1],"12":[1],"13":[0],"14":[0],"15":[1],"16":[1],"17":[1,2],"18":[1,2],"19":[0],"20":[0],"21":[0],"22":[0],"23":[1],"24":[1],"25":[1],"26":[1]}}
}
