TN:
SF:src\services\userService.ts
FN:29,(anonymous_0)
FN:33,(anonymous_1)
FN:50,(anonymous_2)
FN:87,(anonymous_3)
FN:136,(anonymous_4)
FN:147,(anonymous_5)
FN:199,(anonymous_6)
FN:210,(anonymous_7)
FNF:8
FNH:7
FNDA:17,(anonymous_0)
FNDA:3,(anonymous_1)
FNDA:5,(anonymous_2)
FNDA:3,(anonymous_3)
FNDA:1,(anonymous_4)
FNDA:1,(anonymous_5)
FNDA:0,(anonymous_6)
FNDA:5,(anonymous_7)
DA:1,1
DA:3,1
DA:26,1
DA:30,17
DA:34,3
DA:35,1
DA:38,2
DA:42,2
DA:43,1
DA:46,1
DA:47,1
DA:56,5
DA:57,0
DA:60,5
DA:61,2
DA:62,1
DA:66,4
DA:70,4
DA:71,1
DA:74,3
DA:75,3
DA:76,3
DA:77,3
DA:78,3
DA:79,3
DA:81,3
DA:83,3
DA:84,3
DA:88,3
DA:90,3
DA:92,3
DA:93,1
DA:99,3
DA:100,3
DA:101,1
DA:104,3
DA:106,3
DA:117,3
DA:119,3
DA:135,3
DA:136,1
DA:148,1
DA:150,1
DA:152,1
DA:153,0
DA:159,1
DA:163,1
DA:164,0
DA:167,1
DA:169,1
DA:180,1
DA:182,1
DA:198,1
DA:199,0
DA:211,5
DA:212,1
DA:215,4
DA:216,1
DA:219,3
DA:223,3
DA:224,1
DA:227,2
DA:228,2
DA:229,1
DA:232,1
LF:65
LH:61
BRDA:34,0,0,1
BRDA:42,1,0,1
BRDA:56,2,0,0
BRDA:60,3,0,2
BRDA:60,4,0,5
BRDA:60,4,1,5
BRDA:61,5,0,1
BRDA:61,6,0,2
BRDA:61,6,1,2
BRDA:70,7,0,1
BRDA:75,8,0,2
BRDA:76,9,0,2
BRDA:77,10,0,1
BRDA:78,11,0,1
BRDA:79,12,0,1
BRDA:88,13,0,0
BRDA:88,14,0,0
BRDA:92,15,0,1
BRDA:100,16,0,1
BRDA:108,17,0,1
BRDA:108,17,1,2
BRDA:127,18,0,1
BRDA:127,18,1,2
BRDA:148,19,0,0
BRDA:148,20,0,0
BRDA:152,21,0,0
BRDA:163,22,0,0
BRDA:211,23,0,1
BRDA:215,24,0,1
BRDA:223,25,0,1
BRDA:228,26,0,1
BRF:31
BRH:24
end_of_record
