<?xml version="1.0" encoding="UTF-8"?>
<coverage generated="1776523297881" clover="3.2.0">
  <project timestamp="1776523297881" name="All files">
    <metrics statements="56" coveredstatements="53" conditionals="17" coveredconditionals="17" methods="7" coveredmethods="6" elements="80" coveredelements="76" complexity="0" loc="56" ncloc="56" packages="1" files="1" classes="1"/>
    <file name="tokenService.ts" path="D:\MON HOC\ĐỒ ÁN MẪU\cinema-project\auth-service\src\services\tokenService.ts">
      <metrics statements="56" coveredstatements="53" conditionals="17" coveredconditionals="17" methods="7" coveredmethods="6"/>
      <line num="1" count="1" type="stmt"/>
      <line num="2" count="1" type="stmt"/>
      <line num="3" count="1" type="stmt"/>
      <line num="22" count="1" type="stmt"/>
      <line num="23" count="1" type="cond" truecount="2" falsecount="0"/>
      <line num="24" count="1" type="stmt"/>
      <line num="25" count="1" type="stmt"/>
      <line num="28" count="7" type="stmt"/>
      <line num="29" count="7" type="stmt"/>
      <line num="30" count="7" type="stmt"/>
      <line num="31" count="1" type="stmt"/>
      <line num="33" count="6" type="stmt"/>
      <line num="39" count="5" type="stmt"/>
      <line num="40" count="5" type="stmt"/>
      <line num="41" count="5" type="stmt"/>
      <line num="43" count="4" type="cond" truecount="1" falsecount="0"/>
      <line num="44" count="2" type="stmt"/>
      <line num="47" count="2" type="stmt"/>
      <line num="49" count="1" type="stmt"/>
      <line num="50" count="1" type="stmt"/>
      <line num="55" count="2" type="stmt"/>
      <line num="56" count="2" type="stmt"/>
      <line num="57" count="2" type="stmt"/>
      <line num="58" count="1" type="stmt"/>
      <line num="60" count="1" type="stmt"/>
      <line num="66" count="8" type="stmt"/>
      <line num="67" count="8" type="cond" truecount="1" falsecount="0"/>
      <line num="68" count="1" type="stmt"/>
      <line num="78" count="7" type="stmt"/>
      <line num="79" count="7" type="stmt"/>
      <line num="81" count="1" type="stmt"/>
      <line num="90" count="6" type="stmt"/>
      <line num="92" count="5" type="cond" truecount="2" falsecount="0"/>
      <line num="93" count="5" type="cond" truecount="3" falsecount="0"/>
      <line num="94" count="2" type="stmt"/>
      <line num="95" count="2" type="stmt"/>
      <line num="96" count="2" type="stmt"/>
      <line num="98" count="1" type="stmt"/>
      <line num="102" count="5" type="stmt"/>
      <line num="111" count="5" type="stmt"/>
      <line num="112" count="0" type="stmt"/>
      <line num="115" count="5" type="stmt"/>
      <line num="124" count="1" type="stmt"/>
      <line num="125" count="1" type="stmt"/>
      <line num="137" count="3" type="stmt"/>
      <line num="138" count="3" type="cond" truecount="1" falsecount="0"/>
      <line num="139" count="1" type="stmt"/>
      <line num="148" count="2" type="stmt"/>
      <line num="150" count="2" type="cond" truecount="1" falsecount="0"/>
      <line num="151" count="1" type="stmt"/>
      <line num="152" count="1" type="stmt"/>
      <line num="161" count="1" type="stmt"/>
      <line num="162" count="1" type="stmt"/>
      <line num="165" count="0" type="stmt"/>
      <line num="166" count="0" type="stmt"/>
      <line num="178" count="1" type="stmt"/>
    </file>
  </project>
</coverage>
