{"D:\\MON HOC\\ĐỒ ÁN MẪU\\cinema-project\\auth-service\\src\\services\\tokenService.ts": {"path":"D:\\MON HOC\\ĐỒ ÁN MẪU\\cinema-project\\auth-service\\src\\services\\tokenService.ts","statementMap":{"0":{"start":{"line":1,"column":0},"end":{"line":1,"column":47}},"1":{"start":{"line":2,"column":0},"end":{"line":2,"column":59}},"2":{"start":{"line":3,"column":0},"end":{"line":3,"column":49}},"3":{"start":{"line":23,"column":39},"end":{"line":23,"column":82}},"4":{"start":{"line":24,"column":47},"end":{"line":24,"column":60}},"5":{"start":{"line":25,"column":44},"end":{"line":25,"column":48}},"6":{"start":{"line":28,"column":4},"end":{"line":34,"column":5}},"7":{"start":{"line":29,"column":23},"end":{"line":29,"column":59}},"8":{"start":{"line":30,"column":6},"end":{"line":30,"column":88}},"9":{"start":{"line":31,"column":6},"end":{"line":31,"column":78}},"10":{"start":{"line":33,"column":6},"end":{"line":33,"column":55}},"11":{"start":{"line":39,"column":4},"end":{"line":51,"column":5}},"12":{"start":{"line":40,"column":23},"end":{"line":40,"column":59}},"13":{"start":{"line":41,"column":25},"end":{"line":41,"column":56}},"14":{"start":{"line":43,"column":6},"end":{"line":45,"column":7}},"15":{"start":{"line":44,"column":8},"end":{"line":44,"column":20}},"16":{"start":{"line":47,"column":6},"end":{"line":47,"column":54}},"17":{"start":{"line":49,"column":6},"end":{"line":49,"column":62}},"18":{"start":{"line":50,"column":6},"end":{"line":50,"column":18}},"19":{"start":{"line":55,"column":4},"end":{"line":61,"column":5}},"20":{"start":{"line":56,"column":23},"end":{"line":56,"column":59}},"21":{"start":{"line":57,"column":6},"end":{"line":57,"column":38}},"22":{"start":{"line":58,"column":6},"end":{"line":58,"column":86}},"23":{"start":{"line":60,"column":6},"end":{"line":60,"column":63}},"24":{"start":{"line":66,"column":4},"end":{"line":132,"column":5}},"25":{"start":{"line":67,"column":6},"end":{"line":75,"column":7}},"26":{"start":{"line":68,"column":8},"end":{"line":74,"column":10}},"27":{"start":{"line":78,"column":6},"end":{"line":88,"column":7}},"28":{"start":{"line":79,"column":8},"end":{"line":79,"column":53}},"29":{"start":{"line":81,"column":8},"end":{"line":87,"column":10}},"30":{"start":{"line":90,"column":59},"end":{"line":90,"column":66}},"31":{"start":{"line":92,"column":38},"end":{"line":92,"column":55}},"32":{"start":{"line":93,"column":6},"end":{"line":100,"column":7}},"33":{"start":{"line":94,"column":8},"end":{"line":99,"column":9}},"34":{"start":{"line":95,"column":32},"end":{"line":95,"column":86}},"35":{"start":{"line":96,"column":10},"end":{"line":96,"column":59}},"36":{"start":{"line":96,"column":51},"end":{"line":96,"column":57}},"37":{"start":{"line":98,"column":10},"end":{"line":98,"column":62}},"38":{"start":{"line":102,"column":39},"end":{"line":109,"column":8}},"39":{"start":{"line":111,"column":6},"end":{"line":113,"column":9}},"40":{"start":{"line":112,"column":8},"end":{"line":112,"column":59}},"41":{"start":{"line":115,"column":6},"end":{"line":121,"column":8}},"42":{"start":{"line":124,"column":6},"end":{"line":124,"column":54}},"43":{"start":{"line":125,"column":6},"end":{"line":131,"column":8}},"44":{"start":{"line":137,"column":4},"end":{"line":173,"column":5}},"45":{"start":{"line":138,"column":6},"end":{"line":146,"column":7}},"46":{"start":{"line":139,"column":8},"end":{"line":145,"column":10}},"47":{"start":{"line":148,"column":29},"end":{"line":148,"column":64}},"48":{"start":{"line":150,"column":6},"end":{"line":159,"column":7}},"49":{"start":{"line":151,"column":8},"end":{"line":151,"column":80}},"50":{"start":{"line":152,"column":8},"end":{"line":158,"column":10}},"51":{"start":{"line":161,"column":6},"end":{"line":161,"column":85}},"52":{"start":{"line":162,"column":6},"end":{"line":162,"column":43}},"53":{"start":{"line":165,"column":6},"end":{"line":165,"column":60}},"54":{"start":{"line":166,"column":6},"end":{"line":172,"column":8}},"55":{"start":{"line":22,"column":0},"end":{"line":22,"column":13}},"56":{"start":{"line":178,"column":0},"end":{"line":178,"column":28}}},"fnMap":{"0":{"name":"(anonymous_1)","decl":{"start":{"line":27,"column":9},"end":{"line":27,"column":15}},"loc":{"start":{"line":27,"column":75},"end":{"line":35,"column":3}}},"1":{"name":"(anonymous_2)","decl":{"start":{"line":38,"column":9},"end":{"line":38,"column":15}},"loc":{"start":{"line":38,"column":53},"end":{"line":52,"column":3}}},"2":{"name":"(anonymous_3)","decl":{"start":{"line":54,"column":9},"end":{"line":54,"column":15}},"loc":{"start":{"line":54,"column":56},"end":{"line":62,"column":3}}},"3":{"name":"(anonymous_4)","decl":{"start":{"line":65,"column":9},"end":{"line":65,"column":15}},"loc":{"start":{"line":65,"column":47},"end":{"line":133,"column":3}}},"4":{"name":"(anonymous_5)","decl":{"start":{"line":96,"column":46},"end":{"line":96,"column":47}},"loc":{"start":{"line":96,"column":51},"end":{"line":96,"column":57}}},"5":{"name":"(anonymous_6)","decl":{"start":{"line":111,"column":48},"end":{"line":111,"column":53}},"loc":{"start":{"line":111,"column":56},"end":{"line":113,"column":7}}},"6":{"name":"(anonymous_7)","decl":{"start":{"line":136,"column":9},"end":{"line":136,"column":15}},"loc":{"start":{"line":136,"column":56},"end":{"line":174,"column":3}}}},"branchMap":{"0":{"loc":{"start":{"line":23,"column":39},"end":{"line":23,"column":82}},"type":"binary-expr","locations":[{"start":{"line":23,"column":39},"end":{"line":23,"column":61}},{"start":{"line":23,"column":65},"end":{"line":23,"column":82}}]},"1":{"loc":{"start":{"line":43,"column":6},"end":{"line":45,"column":7}},"type":"if","locations":[{"start":{"line":43,"column":6},"end":{"line":45,"column":7}}]},"2":{"loc":{"start":{"line":67,"column":6},"end":{"line":75,"column":7}},"type":"if","locations":[{"start":{"line":67,"column":6},"end":{"line":75,"column":7}}]},"3":{"loc":{"start":{"line":92,"column":38},"end":{"line":92,"column":55}},"type":"binary-expr","locations":[{"start":{"line":92,"column":38},"end":{"line":92,"column":49}},{"start":{"line":92,"column":53},"end":{"line":92,"column":55}}]},"4":{"loc":{"start":{"line":93,"column":6},"end":{"line":100,"column":7}},"type":"if","locations":[{"start":{"line":93,"column":6},"end":{"line":100,"column":7}}]},"5":{"loc":{"start":{"line":93,"column":10},"end":{"line":93,"column":43}},"type":"binary-expr","locations":[{"start":{"line":93,"column":10},"end":{"line":93,"column":33}},{"start":{"line":93,"column":37},"end":{"line":93,"column":43}}]},"6":{"loc":{"start":{"line":105,"column":14},"end":{"line":105,"column":24}},"type":"binary-expr","locations":[{"start":{"line":105,"column":14},"end":{"line":105,"column":18}},{"start":{"line":105,"column":22},"end":{"line":105,"column":24}}]},"7":{"loc":{"start":{"line":106,"column":16},"end":{"line":106,"column":28}},"type":"binary-expr","locations":[{"start":{"line":106,"column":16},"end":{"line":106,"column":22}},{"start":{"line":106,"column":26},"end":{"line":106,"column":28}}]},"8":{"loc":{"start":{"line":119,"column":14},"end":{"line":119,"column":24}},"type":"binary-expr","locations":[{"start":{"line":119,"column":14},"end":{"line":119,"column":18}},{"start":{"line":119,"column":22},"end":{"line":119,"column":24}}]},"9":{"loc":{"start":{"line":138,"column":6},"end":{"line":146,"column":7}},"type":"if","locations":[{"start":{"line":138,"column":6},"end":{"line":146,"column":7}}]},"10":{"loc":{"start":{"line":150,"column":6},"end":{"line":159,"column":7}},"type":"if","locations":[{"start":{"line":150,"column":6},"end":{"line":159,"column":7}}]}},"s":{"0":1,"1":1,"2":1,"3":1,"4":1,"5":1,"6":7,"7":7,"8":7,"9":1,"10":6,"11":5,"12":5,"13":5,"14":4,"15":2,"16":2,"17":1,"18":1,"19":2,"20":2,"21":2,"22":1,"23":1,"24":8,"25":8,"26":1,"27":7,"28":7,"29":1,"30":6,"31":5,"32":5,"33":2,"34":2,"35":1,"36":2,"37":1,"38":5,"39":5,"40":0,"41":5,"42":1,"43":1,"44":3,"45":3,"46":1,"47":2,"48":2,"49":1,"50":1,"51":1,"52":1,"53":0,"54":0,"55":1,"56":1},"f":{"0":7,"1":5,"2":2,"3":8,"4":2,"5":0,"6":3},"b":{"0":[1,1],"1":[2],"2":[1],"3":[5,2],"4":[2],"5":[5,4],"6":[5,1],"7":[5,2],"8":[5,1],"9":[1],"10":[1]}}
}
