TN:
SF:src\services\tokenService.ts
FN:27,(anonymous_1)
FN:38,(anonymous_2)
FN:54,(anonymous_3)
FN:65,(anonymous_4)
FN:96,(anonymous_5)
FN:111,(anonymous_6)
FN:136,(anonymous_7)
FNF:7
FNH:6
FNDA:7,(anonymous_1)
FNDA:5,(anonymous_2)
FNDA:2,(anonymous_3)
FNDA:8,(anonymous_4)
FNDA:2,(anonymous_5)
FNDA:0,(anonymous_6)
FNDA:3,(anonymous_7)
DA:1,1
DA:2,1
DA:3,1
DA:22,1
DA:23,1
DA:24,1
DA:25,1
DA:28,7
DA:29,7
DA:30,7
DA:31,1
DA:33,6
DA:39,5
DA:40,5
DA:41,5
DA:43,4
DA:44,2
DA:47,2
DA:49,1
DA:50,1
DA:55,2
DA:56,2
DA:57,2
DA:58,1
DA:60,1
DA:66,8
DA:67,8
DA:68,1
DA:78,7
DA:79,7
DA:81,1
DA:90,6
DA:92,5
DA:93,5
DA:94,2
DA:95,2
DA:96,2
DA:98,1
DA:102,5
DA:111,5
DA:112,0
DA:115,5
DA:124,1
DA:125,1
DA:137,3
DA:138,3
DA:139,1
DA:148,2
DA:150,2
DA:151,1
DA:152,1
DA:161,1
DA:162,1
DA:165,0
DA:166,0
DA:178,1
LF:56
LH:53
BRDA:23,0,0,1
BRDA:23,0,1,1
BRDA:43,1,0,2
BRDA:67,2,0,1
BRDA:92,3,0,5
BRDA:92,3,1,2
BRDA:93,4,0,2
BRDA:93,5,0,5
BRDA:93,5,1,4
BRDA:105,6,0,5
BRDA:105,6,1,1
BRDA:106,7,0,5
BRDA:106,7,1,2
BRDA:119,8,0,5
BRDA:119,8,1,1
BRDA:138,9,0,1
BRDA:150,10,0,1
BRF:17
BRH:17
end_of_record
