{"D:\\MON HOC\\ĐỒ ÁN MẪU\\cinema-project\\analytics-service\\src\\routes\\analytics-routes.ts": {"path":"D:\\MON HOC\\ĐỒ ÁN MẪU\\cinema-project\\analytics-service\\src\\routes\\analytics-routes.ts","statementMap":{"0":{"start":{"line":1,"column":0},"end":{"line":1,"column":51}},"1":{"start":{"line":2,"column":0},"end":{"line":2,"column":63}},"2":{"start":{"line":5,"column":15},"end":{"line":5,"column":23}},"3":{"start":{"line":7,"column":28},"end":{"line":19,"column":1}},"4":{"start":{"line":8,"column":4},"end":{"line":18,"column":null}},"5":{"start":{"line":7,"column":13},"end":{"line":7,"column":28}},"6":{"start":{"line":21,"column":0},"end":{"line":37,"column":null}},"7":{"start":{"line":22,"column":4},"end":{"line":36,"column":5}},"8":{"start":{"line":23,"column":24},"end":{"line":23,"column":47}},"9":{"start":{"line":24,"column":21},"end":{"line":24,"column":69}},"10":{"start":{"line":26,"column":8},"end":{"line":29,"column":null}},"11":{"start":{"line":31,"column":8},"end":{"line":31,"column":null}},"12":{"start":{"line":32,"column":8},"end":{"line":35,"column":null}},"13":{"start":{"line":39,"column":0},"end":{"line":55,"column":null}},"14":{"start":{"line":40,"column":4},"end":{"line":54,"column":5}},"15":{"start":{"line":41,"column":24},"end":{"line":41,"column":47}},"16":{"start":{"line":42,"column":21},"end":{"line":42,"column":70}},"17":{"start":{"line":44,"column":8},"end":{"line":47,"column":null}},"18":{"start":{"line":49,"column":8},"end":{"line":49,"column":null}},"19":{"start":{"line":50,"column":8},"end":{"line":53,"column":null}},"20":{"start":{"line":57,"column":0},"end":{"line":73,"column":null}},"21":{"start":{"line":58,"column":4},"end":{"line":72,"column":5}},"22":{"start":{"line":59,"column":24},"end":{"line":59,"column":47}},"23":{"start":{"line":60,"column":21},"end":{"line":60,"column":73}},"24":{"start":{"line":62,"column":8},"end":{"line":65,"column":null}},"25":{"start":{"line":67,"column":8},"end":{"line":67,"column":null}},"26":{"start":{"line":68,"column":8},"end":{"line":71,"column":null}},"27":{"start":{"line":75,"column":0},"end":{"line":91,"column":null}},"28":{"start":{"line":76,"column":4},"end":{"line":90,"column":5}},"29":{"start":{"line":77,"column":24},"end":{"line":77,"column":47}},"30":{"start":{"line":78,"column":21},"end":{"line":78,"column":70}},"31":{"start":{"line":80,"column":8},"end":{"line":83,"column":null}},"32":{"start":{"line":85,"column":8},"end":{"line":85,"column":null}},"33":{"start":{"line":86,"column":8},"end":{"line":89,"column":null}},"34":{"start":{"line":93,"column":0},"end":{"line":109,"column":null}},"35":{"start":{"line":94,"column":4},"end":{"line":108,"column":5}},"36":{"start":{"line":95,"column":24},"end":{"line":95,"column":47}},"37":{"start":{"line":96,"column":21},"end":{"line":96,"column":75}},"38":{"start":{"line":98,"column":8},"end":{"line":101,"column":null}},"39":{"start":{"line":103,"column":8},"end":{"line":103,"column":null}},"40":{"start":{"line":104,"column":8},"end":{"line":107,"column":null}},"41":{"start":{"line":111,"column":0},"end":{"line":111,"column":null}}},"fnMap":{"0":{"name":"(anonymous_1)","decl":{"start":{"line":7,"column":28},"end":{"line":7,"column":29}},"loc":{"start":{"line":7,"column":61},"end":{"line":19,"column":1}}},"1":{"name":"(anonymous_2)","decl":{"start":{"line":21,"column":28},"end":{"line":21,"column":33}},"loc":{"start":{"line":21,"column":66},"end":{"line":37,"column":1}}},"2":{"name":"(anonymous_3)","decl":{"start":{"line":39,"column":32},"end":{"line":39,"column":37}},"loc":{"start":{"line":39,"column":70},"end":{"line":55,"column":1}}},"3":{"name":"(anonymous_4)","decl":{"start":{"line":57,"column":35},"end":{"line":57,"column":40}},"loc":{"start":{"line":57,"column":73},"end":{"line":73,"column":1}}},"4":{"name":"(anonymous_5)","decl":{"start":{"line":75,"column":32},"end":{"line":75,"column":37}},"loc":{"start":{"line":75,"column":70},"end":{"line":91,"column":1}}},"5":{"name":"(anonymous_6)","decl":{"start":{"line":93,"column":29},"end":{"line":93,"column":34}},"loc":{"start":{"line":93,"column":67},"end":{"line":109,"column":1}}}},"branchMap":{"0":{"loc":{"start":{"line":16,"column":15},"end":{"line":16,"column":62}},"type":"cond-expr","locations":[{"start":{"line":16,"column":29},"end":{"line":16,"column":50}},{"start":{"line":16,"column":53},"end":{"line":16,"column":62}}]},"1":{"loc":{"start":{"line":17,"column":16},"end":{"line":17,"column":65}},"type":"cond-expr","locations":[{"start":{"line":17,"column":31},"end":{"line":17,"column":53}},{"start":{"line":17,"column":56},"end":{"line":17,"column":65}}]}},"s":{"0":1,"1":1,"2":1,"3":1,"4":14,"5":1,"6":1,"7":2,"8":2,"9":2,"10":1,"11":1,"12":1,"13":1,"14":2,"15":2,"16":2,"17":1,"18":1,"19":1,"20":1,"21":2,"22":2,"23":2,"24":1,"25":1,"26":1,"27":1,"28":2,"29":2,"30":2,"31":1,"32":1,"33":1,"34":1,"35":2,"36":2,"37":2,"38":1,"39":1,"40":1,"41":1},"f":{"0":14,"1":2,"2":2,"3":2,"4":2,"5":2},"b":{"0":[2,12],"1":[1,13]}}
}
