TN:
SF:src\routes\analytics-routes.ts
FN:7,(anonymous_1)
FN:21,(anonymous_2)
FN:39,(anonymous_3)
FN:57,(anonymous_4)
FN:75,(anonymous_5)
FN:93,(anonymous_6)
FNF:6
FNH:6
FNDA:14,(anonymous_1)
FNDA:2,(anonymous_2)
FNDA:2,(anonymous_3)
FNDA:2,(anonymous_4)
FNDA:2,(anonymous_5)
FNDA:2,(anonymous_6)
DA:1,1
DA:2,1
DA:5,1
DA:7,1
DA:8,14
DA:21,1
DA:22,2
DA:23,2
DA:24,2
DA:26,1
DA:31,1
DA:32,1
DA:39,1
DA:40,2
DA:41,2
DA:42,2
DA:44,1
DA:49,1
DA:50,1
DA:57,1
DA:58,2
DA:59,2
DA:60,2
DA:62,1
DA:67,1
DA:68,1
DA:75,1
DA:76,2
DA:77,2
DA:78,2
DA:80,1
DA:85,1
DA:86,1
DA:93,1
DA:94,2
DA:95,2
DA:96,2
DA:98,1
DA:103,1
DA:104,1
DA:111,1
LF:41
LH:41
BRDA:16,0,0,2
BRDA:16,0,1,12
BRDA:17,1,0,1
BRDA:17,1,1,13
BRF:4
BRH:4
end_of_record
