<?xml version="1.0" encoding="UTF-8"?>
<coverage generated="1776526609831" clover="3.2.0">
  <project timestamp="1776526609831" name="All files">
    <metrics statements="87" coveredstatements="80" conditionals="20" coveredconditionals="13" methods="11" coveredmethods="11" elements="118" coveredelements="104" complexity="0" loc="87" ncloc="87" packages="1" files="1" classes="1"/>
    <file name="validation.ts" path="D:\MON HOC\ĐỒ ÁN MẪU\cinema-project\chatbot\src\utils\validation.ts">
      <metrics statements="87" coveredstatements="80" conditionals="20" coveredconditionals="13" methods="11" coveredmethods="11"/>
      <line num="1" count="1" type="stmt"/>
      <line num="3" count="1" type="stmt"/>
      <line num="4" count="1" type="stmt"/>
      <line num="5" count="1" type="stmt"/>
      <line num="7" count="1" type="stmt"/>
      <line num="9" count="8" type="stmt"/>
      <line num="10" count="8" type="stmt"/>
      <line num="14" count="1" type="stmt"/>
      <line num="32" count="1" type="stmt"/>
      <line num="39" count="1" type="stmt"/>
      <line num="46" count="1" type="stmt"/>
      <line num="71" count="1" type="stmt"/>
      <line num="72" count="7" type="cond" truecount="1" falsecount="0"/>
      <line num="73" count="1" type="stmt"/>
      <line num="76" count="6" type="stmt"/>
      <line num="78" count="6" type="cond" truecount="0" falsecount="1"/>
      <line num="79" count="0" type="stmt"/>
      <line num="82" count="6" type="cond" truecount="1" falsecount="0"/>
      <line num="83" count="1" type="stmt"/>
      <line num="86" count="5" type="cond" truecount="0" falsecount="1"/>
      <line num="87" count="0" type="stmt"/>
      <line num="90" count="5" type="stmt"/>
      <line num="92" count="2" type="stmt"/>
      <line num="94" count="2" type="stmt"/>
      <line num="97" count="1" type="stmt"/>
      <line num="98" count="3" type="cond" truecount="0" falsecount="1"/>
      <line num="99" count="0" type="stmt"/>
      <line num="102" count="3" type="stmt"/>
      <line num="104" count="3" type="cond" truecount="0" falsecount="1"/>
      <line num="105" count="0" type="stmt"/>
      <line num="108" count="3" type="cond" truecount="1" falsecount="0"/>
      <line num="109" count="1" type="stmt"/>
      <line num="112" count="2" type="stmt"/>
      <line num="114" count="1" type="stmt"/>
      <line num="116" count="1" type="stmt"/>
      <line num="120" count="5" type="stmt"/>
      <line num="121" count="61" type="cond" truecount="1" falsecount="0"/>
      <line num="122" count="1" type="stmt"/>
      <line num="126" count="4" type="stmt"/>
      <line num="127" count="14" type="cond" truecount="1" falsecount="0"/>
      <line num="128" count="1" type="stmt"/>
      <line num="132" count="3" type="stmt"/>
      <line num="133" count="12" type="cond" truecount="0" falsecount="1"/>
      <line num="134" count="0" type="stmt"/>
      <line num="138" count="3" type="stmt"/>
      <line num="139" count="45" type="cond" truecount="1" falsecount="0"/>
      <line num="140" count="1" type="stmt"/>
      <line num="146" count="2" type="stmt"/>
      <line num="153" count="2" type="stmt"/>
      <line num="154" count="5" type="cond" truecount="1" falsecount="0"/>
      <line num="155" count="1" type="stmt"/>
      <line num="161" count="3" type="stmt"/>
      <line num="163" count="3" type="stmt"/>
      <line num="165" count="3" type="stmt"/>
      <line num="167" count="3" type="stmt"/>
      <line num="171" count="4" type="stmt"/>
      <line num="175" count="3" type="stmt"/>
      <line num="177" count="3" type="stmt"/>
      <line num="180" count="1" type="stmt"/>
      <line num="181" count="2" type="cond" truecount="1" falsecount="0"/>
      <line num="182" count="1" type="stmt"/>
      <line num="185" count="1" type="stmt"/>
      <line num="186" count="1" type="stmt"/>
      <line num="188" count="1" type="stmt"/>
      <line num="191" count="1" type="stmt"/>
      <line num="192" count="4" type="cond" truecount="1" falsecount="0"/>
      <line num="193" count="1" type="stmt"/>
      <line num="196" count="3" type="stmt"/>
      <line num="197" count="3" type="cond" truecount="2" falsecount="1"/>
      <line num="198" count="0" type="stmt"/>
      <line num="201" count="3" type="stmt"/>
      <line num="203" count="3" type="stmt"/>
      <line num="204" count="5" type="cond" truecount="1" falsecount="0"/>
      <line num="205" count="2" type="stmt"/>
      <line num="209" count="1" type="stmt"/>
      <line num="212" count="1" type="stmt"/>
      <line num="213" count="3" type="stmt"/>
      <line num="215" count="3" type="stmt"/>
      <line num="216" count="3" type="stmt"/>
      <line num="217" count="33" type="stmt"/>
      <line num="223" count="3" type="cond" truecount="0" falsecount="1"/>
      <line num="224" count="0" type="stmt"/>
      <line num="227" count="3" type="stmt"/>
      <line num="228" count="3" type="stmt"/>
      <line num="230" count="3" type="cond" truecount="1" falsecount="0"/>
      <line num="231" count="1" type="stmt"/>
      <line num="234" count="3" type="stmt"/>
    </file>
  </project>
</coverage>
