{"D:\\MON HOC\\ĐỒ ÁN MẪU\\cinema-project\\chatbot\\src\\utils\\validation.ts": {"path":"D:\\MON HOC\\ĐỒ ÁN MẪU\\cinema-project\\chatbot\\src\\utils\\validation.ts","statementMap":{"0":{"start":{"line":71,"column":0},"end":{"line":71,"column":16}},"1":{"start":{"line":97,"column":0},"end":{"line":97,"column":16}},"2":{"start":{"line":180,"column":0},"end":{"line":180,"column":16}},"3":{"start":{"line":191,"column":0},"end":{"line":191,"column":16}},"4":{"start":{"line":212,"column":0},"end":{"line":212,"column":16}},"5":{"start":{"line":1,"column":0},"end":{"line":1,"column":19}},"6":{"start":{"line":3,"column":13},"end":{"line":3,"column":null}},"7":{"start":{"line":4,"column":13},"end":{"line":4,"column":null}},"8":{"start":{"line":5,"column":13},"end":{"line":5,"column":null}},"9":{"start":{"line":9,"column":8},"end":{"line":9,"column":null}},"10":{"start":{"line":10,"column":8},"end":{"line":10,"column":null}},"11":{"start":{"line":7,"column":0},"end":{"line":7,"column":13}},"12":{"start":{"line":14,"column":27},"end":{"line":30,"column":null}},"13":{"start":{"line":32,"column":29},"end":{"line":37,"column":null}},"14":{"start":{"line":39,"column":33},"end":{"line":44,"column":null}},"15":{"start":{"line":46,"column":32},"end":{"line":69,"column":null}},"16":{"start":{"line":72,"column":4},"end":{"line":74,"column":5}},"17":{"start":{"line":73,"column":8},"end":{"line":73,"column":null}},"18":{"start":{"line":76,"column":4},"end":{"line":76,"column":null}},"19":{"start":{"line":78,"column":4},"end":{"line":80,"column":5}},"20":{"start":{"line":79,"column":8},"end":{"line":79,"column":null}},"21":{"start":{"line":82,"column":4},"end":{"line":84,"column":5}},"22":{"start":{"line":83,"column":8},"end":{"line":83,"column":null}},"23":{"start":{"line":86,"column":4},"end":{"line":88,"column":5}},"24":{"start":{"line":87,"column":8},"end":{"line":87,"column":null}},"25":{"start":{"line":90,"column":4},"end":{"line":90,"column":null}},"26":{"start":{"line":92,"column":22},"end":{"line":92,"column":45}},"27":{"start":{"line":94,"column":4},"end":{"line":94,"column":null}},"28":{"start":{"line":98,"column":4},"end":{"line":100,"column":5}},"29":{"start":{"line":99,"column":8},"end":{"line":99,"column":null}},"30":{"start":{"line":102,"column":4},"end":{"line":102,"column":null}},"31":{"start":{"line":104,"column":4},"end":{"line":106,"column":5}},"32":{"start":{"line":105,"column":8},"end":{"line":105,"column":null}},"33":{"start":{"line":108,"column":4},"end":{"line":110,"column":5}},"34":{"start":{"line":109,"column":8},"end":{"line":109,"column":null}},"35":{"start":{"line":112,"column":4},"end":{"line":112,"column":null}},"36":{"start":{"line":114,"column":22},"end":{"line":114,"column":42}},"37":{"start":{"line":116,"column":4},"end":{"line":116,"column":null}},"38":{"start":{"line":120,"column":4},"end":{"line":124,"column":5}},"39":{"start":{"line":121,"column":8},"end":{"line":123,"column":9}},"40":{"start":{"line":122,"column":12},"end":{"line":122,"column":null}},"41":{"start":{"line":126,"column":4},"end":{"line":130,"column":5}},"42":{"start":{"line":127,"column":8},"end":{"line":129,"column":9}},"43":{"start":{"line":128,"column":12},"end":{"line":128,"column":null}},"44":{"start":{"line":132,"column":4},"end":{"line":136,"column":5}},"45":{"start":{"line":133,"column":8},"end":{"line":135,"column":9}},"46":{"start":{"line":134,"column":12},"end":{"line":134,"column":null}},"47":{"start":{"line":138,"column":4},"end":{"line":142,"column":5}},"48":{"start":{"line":139,"column":8},"end":{"line":141,"column":9}},"49":{"start":{"line":140,"column":12},"end":{"line":140,"column":null}},"50":{"start":{"line":146,"column":26},"end":{"line":151,"column":null}},"51":{"start":{"line":153,"column":4},"end":{"line":157,"column":5}},"52":{"start":{"line":154,"column":8},"end":{"line":156,"column":9}},"53":{"start":{"line":155,"column":12},"end":{"line":155,"column":null}},"54":{"start":{"line":161,"column":20},"end":{"line":161,"column":36}},"55":{"start":{"line":163,"column":4},"end":{"line":163,"column":null}},"56":{"start":{"line":165,"column":4},"end":{"line":165,"column":null}},"57":{"start":{"line":167,"column":4},"end":{"line":167,"column":null}},"58":{"start":{"line":171,"column":4},"end":{"line":171,"column":null}},"59":{"start":{"line":175,"column":23},"end":{"line":175,"column":49}},"60":{"start":{"line":177,"column":4},"end":{"line":177,"column":null}},"61":{"start":{"line":181,"column":4},"end":{"line":183,"column":5}},"62":{"start":{"line":182,"column":8},"end":{"line":182,"column":null}},"63":{"start":{"line":185,"column":20},"end":{"line":185,"column":38}},"64":{"start":{"line":186,"column":4},"end":{"line":186,"column":null}},"65":{"start":{"line":188,"column":4},"end":{"line":188,"column":null}},"66":{"start":{"line":192,"column":4},"end":{"line":194,"column":5}},"67":{"start":{"line":193,"column":8},"end":{"line":193,"column":null}},"68":{"start":{"line":196,"column":20},"end":{"line":196,"column":45}},"69":{"start":{"line":197,"column":4},"end":{"line":199,"column":5}},"70":{"start":{"line":198,"column":8},"end":{"line":198,"column":null}},"71":{"start":{"line":201,"column":16},"end":{"line":201,"column":57}},"72":{"start":{"line":203,"column":4},"end":{"line":207,"column":5}},"73":{"start":{"line":204,"column":8},"end":{"line":206,"column":9}},"74":{"start":{"line":205,"column":12},"end":{"line":205,"column":null}},"75":{"start":{"line":209,"column":4},"end":{"line":209,"column":null}},"76":{"start":{"line":213,"column":22},"end":{"line":213,"column":82}},"77":{"start":{"line":215,"column":20},"end":{"line":215,"column":28}},"78":{"start":{"line":216,"column":4},"end":{"line":221,"column":5}},"79":{"start":{"line":217,"column":8},"end":{"line":220,"column":null}},"80":{"start":{"line":223,"column":4},"end":{"line":225,"column":5}},"81":{"start":{"line":224,"column":8},"end":{"line":224,"column":null}},"82":{"start":{"line":227,"column":4},"end":{"line":227,"column":null}},"83":{"start":{"line":228,"column":4},"end":{"line":228,"column":null}},"84":{"start":{"line":230,"column":4},"end":{"line":232,"column":5}},"85":{"start":{"line":231,"column":8},"end":{"line":231,"column":null}},"86":{"start":{"line":234,"column":4},"end":{"line":234,"column":null}}},"fnMap":{"0":{"name":"(anonymous_1)","decl":{"start":{"line":8,"column":4},"end":{"line":8,"column":16}},"loc":{"start":{"line":8,"column":31},"end":{"line":11,"column":5}}},"1":{"name":"validateQuestion","decl":{"start":{"line":71,"column":16},"end":{"line":71,"column":32}},"loc":{"start":{"line":71,"column":49},"end":{"line":95,"column":1}}},"2":{"name":"validateTitle","decl":{"start":{"line":97,"column":16},"end":{"line":97,"column":29}},"loc":{"start":{"line":97,"column":43},"end":{"line":117,"column":1}}},"3":{"name":"checkSuspiciousContent","decl":{"start":{"line":119,"column":9},"end":{"line":119,"column":31}},"loc":{"start":{"line":119,"column":45},"end":{"line":143,"column":1}}},"4":{"name":"checkBasicSuspiciousContent","decl":{"start":{"line":145,"column":9},"end":{"line":145,"column":36}},"loc":{"start":{"line":145,"column":50},"end":{"line":158,"column":1}}},"5":{"name":"sanitizeInput","decl":{"start":{"line":160,"column":9},"end":{"line":160,"column":22}},"loc":{"start":{"line":160,"column":36},"end":{"line":168,"column":1}}},"6":{"name":"removeControlCharacters","decl":{"start":{"line":170,"column":9},"end":{"line":170,"column":32}},"loc":{"start":{"line":170,"column":46},"end":{"line":172,"column":1}}},"7":{"name":"normalizeWhitespace","decl":{"start":{"line":174,"column":9},"end":{"line":174,"column":28}},"loc":{"start":{"line":174,"column":42},"end":{"line":178,"column":1}}},"8":{"name":"validateAndSanitizeContext","decl":{"start":{"line":180,"column":16},"end":{"line":180,"column":42}},"loc":{"start":{"line":180,"column":58},"end":{"line":189,"column":1}}},"9":{"name":"isValidFileExtension","decl":{"start":{"line":191,"column":16},"end":{"line":191,"column":36}},"loc":{"start":{"line":191,"column":82},"end":{"line":210,"column":1}}},"10":{"name":"sanitizeFilename","decl":{"start":{"line":212,"column":16},"end":{"line":212,"column":32}},"loc":{"start":{"line":212,"column":49},"end":{"line":235,"column":1}}}},"branchMap":{"0":{"loc":{"start":{"line":72,"column":4},"end":{"line":74,"column":5}},"type":"if","locations":[{"start":{"line":72,"column":4},"end":{"line":74,"column":5}}]},"1":{"loc":{"start":{"line":78,"column":4},"end":{"line":80,"column":5}},"type":"if","locations":[{"start":{"line":78,"column":4},"end":{"line":80,"column":5}}]},"2":{"loc":{"start":{"line":82,"column":4},"end":{"line":84,"column":5}},"type":"if","locations":[{"start":{"line":82,"column":4},"end":{"line":84,"column":5}}]},"3":{"loc":{"start":{"line":86,"column":4},"end":{"line":88,"column":5}},"type":"if","locations":[{"start":{"line":86,"column":4},"end":{"line":88,"column":5}}]},"4":{"loc":{"start":{"line":98,"column":4},"end":{"line":100,"column":5}},"type":"if","locations":[{"start":{"line":98,"column":4},"end":{"line":100,"column":5}}]},"5":{"loc":{"start":{"line":104,"column":4},"end":{"line":106,"column":5}},"type":"if","locations":[{"start":{"line":104,"column":4},"end":{"line":106,"column":5}}]},"6":{"loc":{"start":{"line":108,"column":4},"end":{"line":110,"column":5}},"type":"if","locations":[{"start":{"line":108,"column":4},"end":{"line":110,"column":5}}]},"7":{"loc":{"start":{"line":121,"column":8},"end":{"line":123,"column":9}},"type":"if","locations":[{"start":{"line":121,"column":8},"end":{"line":123,"column":9}}]},"8":{"loc":{"start":{"line":127,"column":8},"end":{"line":129,"column":9}},"type":"if","locations":[{"start":{"line":127,"column":8},"end":{"line":129,"column":9}}]},"9":{"loc":{"start":{"line":133,"column":8},"end":{"line":135,"column":9}},"type":"if","locations":[{"start":{"line":133,"column":8},"end":{"line":135,"column":9}}]},"10":{"loc":{"start":{"line":139,"column":8},"end":{"line":141,"column":9}},"type":"if","locations":[{"start":{"line":139,"column":8},"end":{"line":141,"column":9}}]},"11":{"loc":{"start":{"line":154,"column":8},"end":{"line":156,"column":9}},"type":"if","locations":[{"start":{"line":154,"column":8},"end":{"line":156,"column":9}}]},"12":{"loc":{"start":{"line":181,"column":4},"end":{"line":183,"column":5}},"type":"if","locations":[{"start":{"line":181,"column":4},"end":{"line":183,"column":5}}]},"13":{"loc":{"start":{"line":192,"column":4},"end":{"line":194,"column":5}},"type":"if","locations":[{"start":{"line":192,"column":4},"end":{"line":194,"column":5}}]},"14":{"loc":{"start":{"line":197,"column":4},"end":{"line":199,"column":5}},"type":"if","locations":[{"start":{"line":197,"column":4},"end":{"line":199,"column":5}}]},"15":{"loc":{"start":{"line":197,"column":8},"end":{"line":197,"column":57}},"type":"binary-expr","locations":[{"start":{"line":197,"column":8},"end":{"line":197,"column":22}},{"start":{"line":197,"column":26},"end":{"line":197,"column":57}}]},"16":{"loc":{"start":{"line":204,"column":8},"end":{"line":206,"column":9}},"type":"if","locations":[{"start":{"line":204,"column":8},"end":{"line":206,"column":9}}]},"17":{"loc":{"start":{"line":223,"column":4},"end":{"line":225,"column":5}},"type":"if","locations":[{"start":{"line":223,"column":4},"end":{"line":225,"column":5}}]},"18":{"loc":{"start":{"line":230,"column":4},"end":{"line":232,"column":5}},"type":"if","locations":[{"start":{"line":230,"column":4},"end":{"line":232,"column":5}}]}},"s":{"0":1,"1":1,"2":1,"3":1,"4":1,"5":1,"6":1,"7":1,"8":1,"9":8,"10":8,"11":1,"12":1,"13":1,"14":1,"15":1,"16":7,"17":1,"18":6,"19":6,"20":0,"21":6,"22":1,"23":5,"24":0,"25":5,"26":2,"27":2,"28":3,"29":0,"30":3,"31":3,"32":0,"33":3,"34":1,"35":2,"36":1,"37":1,"38":5,"39":61,"40":1,"41":4,"42":14,"43":1,"44":3,"45":12,"46":0,"47":3,"48":45,"49":1,"50":2,"51":2,"52":5,"53":1,"54":3,"55":3,"56":3,"57":3,"58":4,"59":3,"60":3,"61":2,"62":1,"63":1,"64":1,"65":1,"66":4,"67":1,"68":3,"69":3,"70":0,"71":3,"72":3,"73":5,"74":2,"75":1,"76":3,"77":3,"78":3,"79":33,"80":3,"81":0,"82":3,"83":3,"84":3,"85":1,"86":3},"f":{"0":8,"1":7,"2":3,"3":5,"4":2,"5":3,"6":4,"7":3,"8":2,"9":4,"10":3},"b":{"0":[1],"1":[0],"2":[1],"3":[0],"4":[0],"5":[0],"6":[1],"7":[1],"8":[1],"9":[0],"10":[1],"11":[1],"12":[1],"13":[1],"14":[0],"15":[3,3],"16":[2],"17":[0],"18":[1]}}
}
