TN:
SF:src\utils\validation.ts
FN:8,(anonymous_1)
FN:71,validateQuestion
FN:97,validateTitle
FN:119,checkSuspiciousContent
FN:145,checkBasicSuspiciousContent
FN:160,sanitizeInput
FN:170,removeControlCharacters
FN:174,normalizeWhitespace
FN:180,validateAndSanitizeContext
FN:191,isValidFileExtension
FN:212,sanitizeFilename
FNF:11
FNH:11
FNDA:8,(anonymous_1)
FNDA:7,validateQuestion
FNDA:3,validateTitle
FNDA:5,checkSuspiciousContent
FNDA:2,checkBasicSuspiciousContent
FNDA:3,sanitizeInput
FNDA:4,removeControlCharacters
FNDA:3,normalizeWhitespace
FNDA:2,validateAndSanitizeContext
FNDA:4,isValidFileExtension
FNDA:3,sanitizeFilename
DA:1,1
DA:3,1
DA:4,1
DA:5,1
DA:7,1
DA:9,8
DA:10,8
DA:14,1
DA:32,1
DA:39,1
DA:46,1
DA:71,1
DA:72,7
DA:73,1
DA:76,6
DA:78,6
DA:79,0
DA:82,6
DA:83,1
DA:86,5
DA:87,0
DA:90,5
DA:92,2
DA:94,2
DA:97,1
DA:98,3
DA:99,0
DA:102,3
DA:104,3
DA:105,0
DA:108,3
DA:109,1
DA:112,2
DA:114,1
DA:116,1
DA:120,5
DA:121,61
DA:122,1
DA:126,4
DA:127,14
DA:128,1
DA:132,3
DA:133,12
DA:134,0
DA:138,3
DA:139,45
DA:140,1
DA:146,2
DA:153,2
DA:154,5
DA:155,1
DA:161,3
DA:163,3
DA:165,3
DA:167,3
DA:171,4
DA:175,3
DA:177,3
DA:180,1
DA:181,2
DA:182,1
DA:185,1
DA:186,1
DA:188,1
DA:191,1
DA:192,4
DA:193,1
DA:196,3
DA:197,3
DA:198,0
DA:201,3
DA:203,3
DA:204,5
DA:205,2
DA:209,1
DA:212,1
DA:213,3
DA:215,3
DA:216,3
DA:217,33
DA:223,3
DA:224,0
DA:227,3
DA:228,3
DA:230,3
DA:231,1
DA:234,3
LF:87
LH:80
BRDA:72,0,0,1
BRDA:78,1,0,0
BRDA:82,2,0,1
BRDA:86,3,0,0
BRDA:98,4,0,0
BRDA:104,5,0,0
BRDA:108,6,0,1
BRDA:121,7,0,1
BRDA:127,8,0,1
BRDA:133,9,0,0
BRDA:139,10,0,1
BRDA:154,11,0,1
BRDA:181,12,0,1
BRDA:192,13,0,1
BRDA:197,14,0,0
BRDA:197,15,0,3
BRDA:197,15,1,3
BRDA:204,16,0,2
BRDA:223,17,0,0
BRDA:230,18,0,1
BRF:20
BRH:13
end_of_record
